{"level":"info","message":"AWS client initialized","timestamp":"2025-05-14T18:01:39.274Z"}
{"level":"error","message":"Failed to initialize Azure client: 'subscriptionId' cannot be null","stack":"Error: 'subscriptionId' cannot be null\n    at new ComputeManagementClient (C:\\Users\\agarw\\Projects\\Cloudprice\\server\\node_modules\\@azure\\arm-compute\\dist\\commonjs\\computeManagementClient.js:29:19)\n    at new CloudProviderService (C:\\Users\\agarw\\Projects\\Cloudprice\\server\\services\\cloudProviderService.js:34:28)\n    at Object.<anonymous> (C:\\Users\\agarw\\Projects\\Cloudprice\\server\\services\\cloudProviderService.js:231:18)\n    at Module._compile (node:internal/modules/cjs/loader:1562:14)\n    at Object..js (node:internal/modules/cjs/loader:1699:10)\n    at Module.load (node:internal/modules/cjs/loader:1313:32)\n    at Function._load (node:internal/modules/cjs/loader:1123:12)\n    at TracingChannel.traceSync (node:diagnostics_channel:322:14)\n    at wrapModuleLoad (node:internal/modules/cjs/loader:217:24)\n    at Module.require (node:internal/modules/cjs/loader:1335:12)","timestamp":"2025-05-14T18:01:39.283Z"}
{"level":"info","message":"GCP client initialized","timestamp":"2025-05-14T18:01:39.366Z"}
{"level":"info","message":"Price update cron job scheduled (every 3 days at midnight UTC)","timestamp":"2025-05-14T18:01:39.474Z"}
{"level":"info","message":"AWS client initialized","timestamp":"2025-05-14T18:05:37.042Z"}
{"level":"error","message":"Failed to initialize Azure client: 'subscriptionId' cannot be null","stack":"Error: 'subscriptionId' cannot be null\n    at new ComputeManagementClient (C:\\Users\\agarw\\Projects\\Cloudprice\\server\\node_modules\\@azure\\arm-compute\\dist\\commonjs\\computeManagementClient.js:29:19)\n    at new CloudProviderService (C:\\Users\\agarw\\Projects\\Cloudprice\\server\\services\\cloudProviderService.js:34:28)\n    at Object.<anonymous> (C:\\Users\\agarw\\Projects\\Cloudprice\\server\\services\\cloudProviderService.js:231:18)\n    at Module._compile (node:internal/modules/cjs/loader:1562:14)\n    at Object..js (node:internal/modules/cjs/loader:1699:10)\n    at Module.load (node:internal/modules/cjs/loader:1313:32)\n    at Function._load (node:internal/modules/cjs/loader:1123:12)\n    at TracingChannel.traceSync (node:diagnostics_channel:322:14)\n    at wrapModuleLoad (node:internal/modules/cjs/loader:217:24)\n    at Module.require (node:internal/modules/cjs/loader:1335:12)","timestamp":"2025-05-14T18:05:37.049Z"}
{"level":"info","message":"GCP client initialized","timestamp":"2025-05-14T18:05:37.159Z"}
{"level":"info","message":"Price update cron job scheduled (every 3 days at midnight UTC)","timestamp":"2025-05-14T18:05:37.226Z"}
{"level":"info","message":"AWS client initialized","timestamp":"2025-05-14T18:06:05.122Z"}
{"level":"error","message":"Failed to initialize Azure client: 'subscriptionId' cannot be null","stack":"Error: 'subscriptionId' cannot be null\n    at new ComputeManagementClient (C:\\Users\\agarw\\Projects\\Cloudprice\\server\\node_modules\\@azure\\arm-compute\\dist\\commonjs\\computeManagementClient.js:29:19)\n    at new CloudProviderService (C:\\Users\\agarw\\Projects\\Cloudprice\\server\\services\\cloudProviderService.js:34:28)\n    at Object.<anonymous> (C:\\Users\\agarw\\Projects\\Cloudprice\\server\\services\\cloudProviderService.js:231:18)\n    at Module._compile (node:internal/modules/cjs/loader:1562:14)\n    at Object..js (node:internal/modules/cjs/loader:1699:10)\n    at Module.load (node:internal/modules/cjs/loader:1313:32)\n    at Function._load (node:internal/modules/cjs/loader:1123:12)\n    at TracingChannel.traceSync (node:diagnostics_channel:322:14)\n    at wrapModuleLoad (node:internal/modules/cjs/loader:217:24)\n    at Module.require (node:internal/modules/cjs/loader:1335:12)","timestamp":"2025-05-14T18:06:05.130Z"}
{"level":"info","message":"GCP client initialized","timestamp":"2025-05-14T18:06:05.195Z"}
{"level":"info","message":"Price update cron job scheduled (every 3 days at midnight UTC)","timestamp":"2025-05-14T18:06:05.247Z"}
{"kind":"ObjectId","level":"error","message":"Error fetching instance gcp: Cast to ObjectId failed for value \"gcp\" (type string) at path \"_id\" for model \"Instance\"","path":"_id","reason":{},"stack":"CastError: Cast to ObjectId failed for value \"gcp\" (type string) at path \"_id\" for model \"Instance\"\n    at SchemaObjectId.cast (C:\\Users\\agarw\\Projects\\Cloudprice\\server\\node_modules\\mongoose\\lib\\schema\\objectId.js:251:11)\n    at SchemaType.applySetters (C:\\Users\\agarw\\Projects\\Cloudprice\\server\\node_modules\\mongoose\\lib\\schemaType.js:1255:12)\n    at SchemaType.castForQuery (C:\\Users\\agarw\\Projects\\Cloudprice\\server\\node_modules\\mongoose\\lib\\schemaType.js:1673:17)\n    at cast (C:\\Users\\agarw\\Projects\\Cloudprice\\server\\node_modules\\mongoose\\lib\\cast.js:390:32)\n    at Query.cast (C:\\Users\\agarw\\Projects\\Cloudprice\\server\\node_modules\\mongoose\\lib\\query.js:4999:12)\n    at Query._castConditions (C:\\Users\\agarw\\Projects\\Cloudprice\\server\\node_modules\\mongoose\\lib\\query.js:2325:10)\n    at model.Query._findOne (C:\\Users\\agarw\\Projects\\Cloudprice\\server\\node_modules\\mongoose\\lib\\query.js:2648:8)\n    at model.Query.exec (C:\\Users\\agarw\\Projects\\Cloudprice\\server\\node_modules\\mongoose\\lib\\query.js:4548:80)\n    at process.processTicksAndRejections (node:internal/process/task_queues:105:5)\n    at async C:\\Users\\agarw\\Projects\\Cloudprice\\server\\routes\\pricing.js:66:22","stringValue":"\"gcp\"","timestamp":"2025-05-14T18:06:18.924Z","value":"gcp","valueType":"string"}
{"kind":"ObjectId","level":"error","message":"Error fetching instance gcp: Cast to ObjectId failed for value \"gcp\" (type string) at path \"_id\" for model \"Instance\"","path":"_id","reason":{},"stack":"CastError: Cast to ObjectId failed for value \"gcp\" (type string) at path \"_id\" for model \"Instance\"\n    at SchemaObjectId.cast (C:\\Users\\agarw\\Projects\\Cloudprice\\server\\node_modules\\mongoose\\lib\\schema\\objectId.js:251:11)\n    at SchemaType.applySetters (C:\\Users\\agarw\\Projects\\Cloudprice\\server\\node_modules\\mongoose\\lib\\schemaType.js:1255:12)\n    at SchemaType.castForQuery (C:\\Users\\agarw\\Projects\\Cloudprice\\server\\node_modules\\mongoose\\lib\\schemaType.js:1673:17)\n    at cast (C:\\Users\\agarw\\Projects\\Cloudprice\\server\\node_modules\\mongoose\\lib\\cast.js:390:32)\n    at Query.cast (C:\\Users\\agarw\\Projects\\Cloudprice\\server\\node_modules\\mongoose\\lib\\query.js:4999:12)\n    at Query._castConditions (C:\\Users\\agarw\\Projects\\Cloudprice\\server\\node_modules\\mongoose\\lib\\query.js:2325:10)\n    at model.Query._findOne (C:\\Users\\agarw\\Projects\\Cloudprice\\server\\node_modules\\mongoose\\lib\\query.js:2648:8)\n    at model.Query.exec (C:\\Users\\agarw\\Projects\\Cloudprice\\server\\node_modules\\mongoose\\lib\\query.js:4548:80)\n    at process.processTicksAndRejections (node:internal/process/task_queues:105:5)\n    at async C:\\Users\\agarw\\Projects\\Cloudprice\\server\\routes\\pricing.js:66:22","stringValue":"\"gcp\"","timestamp":"2025-05-14T18:06:21.070Z","value":"gcp","valueType":"string"}
{"level":"info","message":"AWS client initialized","timestamp":"2025-05-14T18:06:40.348Z"}
{"level":"error","message":"Failed to initialize Azure client: 'subscriptionId' cannot be null","stack":"Error: 'subscriptionId' cannot be null\n    at new ComputeManagementClient (C:\\Users\\agarw\\Projects\\Cloudprice\\server\\node_modules\\@azure\\arm-compute\\dist\\commonjs\\computeManagementClient.js:29:19)\n    at new CloudProviderService (C:\\Users\\agarw\\Projects\\Cloudprice\\server\\services\\cloudProviderService.js:34:28)\n    at Object.<anonymous> (C:\\Users\\agarw\\Projects\\Cloudprice\\server\\services\\cloudProviderService.js:231:18)\n    at Module._compile (node:internal/modules/cjs/loader:1562:14)\n    at Object..js (node:internal/modules/cjs/loader:1699:10)\n    at Module.load (node:internal/modules/cjs/loader:1313:32)\n    at Function._load (node:internal/modules/cjs/loader:1123:12)\n    at TracingChannel.traceSync (node:diagnostics_channel:322:14)\n    at wrapModuleLoad (node:internal/modules/cjs/loader:217:24)\n    at Module.require (node:internal/modules/cjs/loader:1335:12)","timestamp":"2025-05-14T18:06:40.354Z"}
{"level":"info","message":"GCP client initialized","timestamp":"2025-05-14T18:06:40.430Z"}
{"level":"info","message":"Price update cron job scheduled (every 3 days at midnight UTC)","timestamp":"2025-05-14T18:06:40.492Z"}
{"level":"info","message":"AWS client initialized","timestamp":"2025-05-14T18:06:44.342Z"}
{"level":"error","message":"Failed to initialize Azure client: 'subscriptionId' cannot be null","stack":"Error: 'subscriptionId' cannot be null\n    at new ComputeManagementClient (C:\\Users\\agarw\\Projects\\Cloudprice\\server\\node_modules\\@azure\\arm-compute\\dist\\commonjs\\computeManagementClient.js:29:19)\n    at new CloudProviderService (C:\\Users\\agarw\\Projects\\Cloudprice\\server\\services\\cloudProviderService.js:34:28)\n    at Object.<anonymous> (C:\\Users\\agarw\\Projects\\Cloudprice\\server\\services\\cloudProviderService.js:231:18)\n    at Module._compile (node:internal/modules/cjs/loader:1562:14)\n    at Object..js (node:internal/modules/cjs/loader:1699:10)\n    at Module.load (node:internal/modules/cjs/loader:1313:32)\n    at Function._load (node:internal/modules/cjs/loader:1123:12)\n    at TracingChannel.traceSync (node:diagnostics_channel:322:14)\n    at wrapModuleLoad (node:internal/modules/cjs/loader:217:24)\n    at Module.require (node:internal/modules/cjs/loader:1335:12)","timestamp":"2025-05-14T18:06:44.350Z"}
{"level":"info","message":"GCP client initialized","timestamp":"2025-05-14T18:06:44.455Z"}
{"level":"info","message":"Price update cron job scheduled (every 3 days at midnight UTC)","timestamp":"2025-05-14T18:06:44.536Z"}
{"level":"info","message":"AWS client initialized","timestamp":"2025-05-14T18:07:06.136Z"}
{"level":"error","message":"Failed to initialize Azure client: 'subscriptionId' cannot be null","stack":"Error: 'subscriptionId' cannot be null\n    at new ComputeManagementClient (C:\\Users\\agarw\\Projects\\Cloudprice\\server\\node_modules\\@azure\\arm-compute\\dist\\commonjs\\computeManagementClient.js:29:19)\n    at new CloudProviderService (C:\\Users\\agarw\\Projects\\Cloudprice\\server\\services\\cloudProviderService.js:34:28)\n    at Object.<anonymous> (C:\\Users\\agarw\\Projects\\Cloudprice\\server\\services\\cloudProviderService.js:231:18)\n    at Module._compile (node:internal/modules/cjs/loader:1562:14)\n    at Object..js (node:internal/modules/cjs/loader:1699:10)\n    at Module.load (node:internal/modules/cjs/loader:1313:32)\n    at Function._load (node:internal/modules/cjs/loader:1123:12)\n    at TracingChannel.traceSync (node:diagnostics_channel:322:14)\n    at wrapModuleLoad (node:internal/modules/cjs/loader:217:24)\n    at Module.require (node:internal/modules/cjs/loader:1335:12)","timestamp":"2025-05-14T18:07:06.145Z"}
{"level":"info","message":"GCP client initialized","timestamp":"2025-05-14T18:07:06.218Z"}
{"level":"info","message":"Price update cron job scheduled (every 3 days at midnight UTC)","timestamp":"2025-05-14T18:07:06.283Z"}
{"kind":"ObjectId","level":"error","message":"Error fetching instance gcp: Cast to ObjectId failed for value \"gcp\" (type string) at path \"_id\" for model \"Instance\"","path":"_id","reason":{},"stack":"CastError: Cast to ObjectId failed for value \"gcp\" (type string) at path \"_id\" for model \"Instance\"\n    at SchemaObjectId.cast (C:\\Users\\agarw\\Projects\\Cloudprice\\server\\node_modules\\mongoose\\lib\\schema\\objectId.js:251:11)\n    at SchemaType.applySetters (C:\\Users\\agarw\\Projects\\Cloudprice\\server\\node_modules\\mongoose\\lib\\schemaType.js:1255:12)\n    at SchemaType.castForQuery (C:\\Users\\agarw\\Projects\\Cloudprice\\server\\node_modules\\mongoose\\lib\\schemaType.js:1673:17)\n    at cast (C:\\Users\\agarw\\Projects\\Cloudprice\\server\\node_modules\\mongoose\\lib\\cast.js:390:32)\n    at Query.cast (C:\\Users\\agarw\\Projects\\Cloudprice\\server\\node_modules\\mongoose\\lib\\query.js:4999:12)\n    at Query._castConditions (C:\\Users\\agarw\\Projects\\Cloudprice\\server\\node_modules\\mongoose\\lib\\query.js:2325:10)\n    at model.Query._findOne (C:\\Users\\agarw\\Projects\\Cloudprice\\server\\node_modules\\mongoose\\lib\\query.js:2648:8)\n    at model.Query.exec (C:\\Users\\agarw\\Projects\\Cloudprice\\server\\node_modules\\mongoose\\lib\\query.js:4548:80)\n    at process.processTicksAndRejections (node:internal/process/task_queues:105:5)\n    at async C:\\Users\\agarw\\Projects\\Cloudprice\\server\\routes\\pricing.js:66:22","stringValue":"\"gcp\"","timestamp":"2025-05-14T18:08:03.038Z","value":"gcp","valueType":"string"}
{"kind":"ObjectId","level":"error","message":"Error fetching instance gcp: Cast to ObjectId failed for value \"gcp\" (type string) at path \"_id\" for model \"Instance\"","path":"_id","reason":{},"stack":"CastError: Cast to ObjectId failed for value \"gcp\" (type string) at path \"_id\" for model \"Instance\"\n    at SchemaObjectId.cast (C:\\Users\\agarw\\Projects\\Cloudprice\\server\\node_modules\\mongoose\\lib\\schema\\objectId.js:251:11)\n    at SchemaType.applySetters (C:\\Users\\agarw\\Projects\\Cloudprice\\server\\node_modules\\mongoose\\lib\\schemaType.js:1255:12)\n    at SchemaType.castForQuery (C:\\Users\\agarw\\Projects\\Cloudprice\\server\\node_modules\\mongoose\\lib\\schemaType.js:1673:17)\n    at cast (C:\\Users\\agarw\\Projects\\Cloudprice\\server\\node_modules\\mongoose\\lib\\cast.js:390:32)\n    at Query.cast (C:\\Users\\agarw\\Projects\\Cloudprice\\server\\node_modules\\mongoose\\lib\\query.js:4999:12)\n    at Query._castConditions (C:\\Users\\agarw\\Projects\\Cloudprice\\server\\node_modules\\mongoose\\lib\\query.js:2325:10)\n    at model.Query._findOne (C:\\Users\\agarw\\Projects\\Cloudprice\\server\\node_modules\\mongoose\\lib\\query.js:2648:8)\n    at model.Query.exec (C:\\Users\\agarw\\Projects\\Cloudprice\\server\\node_modules\\mongoose\\lib\\query.js:4548:80)\n    at process.processTicksAndRejections (node:internal/process/task_queues:105:5)\n    at async C:\\Users\\agarw\\Projects\\Cloudprice\\server\\routes\\pricing.js:66:22","stringValue":"\"gcp\"","timestamp":"2025-05-14T18:08:03.843Z","value":"gcp","valueType":"string"}
{"level":"info","message":"AWS client initialized","timestamp":"2025-05-14T18:10:01.196Z"}
{"level":"error","message":"Failed to initialize Azure client: 'subscriptionId' cannot be null","stack":"Error: 'subscriptionId' cannot be null\n    at new ComputeManagementClient (C:\\Users\\agarw\\Projects\\Cloudprice\\server\\node_modules\\@azure\\arm-compute\\dist\\commonjs\\computeManagementClient.js:29:19)\n    at new CloudProviderService (C:\\Users\\agarw\\Projects\\Cloudprice\\server\\services\\cloudProviderService.js:34:28)\n    at Object.<anonymous> (C:\\Users\\agarw\\Projects\\Cloudprice\\server\\services\\cloudProviderService.js:231:18)\n    at Module._compile (node:internal/modules/cjs/loader:1562:14)\n    at Object..js (node:internal/modules/cjs/loader:1699:10)\n    at Module.load (node:internal/modules/cjs/loader:1313:32)\n    at Function._load (node:internal/modules/cjs/loader:1123:12)\n    at TracingChannel.traceSync (node:diagnostics_channel:322:14)\n    at wrapModuleLoad (node:internal/modules/cjs/loader:217:24)\n    at Module.require (node:internal/modules/cjs/loader:1335:12)","timestamp":"2025-05-14T18:10:01.204Z"}
{"level":"info","message":"GCP client initialized","timestamp":"2025-05-14T18:10:01.277Z"}
{"level":"info","message":"Price update cron job scheduled (every 3 days at midnight UTC)","timestamp":"2025-05-14T18:10:01.362Z"}
{"level":"info","message":"Fetching GCP instances","timestamp":"2025-05-14T18:10:11.920Z"}
{"level":"info","message":"No GCP instances found","timestamp":"2025-05-14T18:10:11.971Z"}
{"level":"info","message":"Fetching GCP instances","timestamp":"2025-05-14T18:56:25.172Z"}
{"level":"info","message":"No GCP instances found","timestamp":"2025-05-14T18:56:25.259Z"}
{"level":"info","message":"Fetching GCP instances","timestamp":"2025-05-14T18:56:33.148Z"}
{"level":"info","message":"No GCP instances found","timestamp":"2025-05-14T18:56:33.197Z"}
{"level":"info","message":"AWS client initialized","timestamp":"2025-05-14T18:57:13.833Z"}
{"level":"error","message":"Failed to initialize Azure client: 'subscriptionId' cannot be null","stack":"Error: 'subscriptionId' cannot be null\n    at new ComputeManagementClient (C:\\Users\\agarw\\Projects\\Cloudprice\\server\\node_modules\\@azure\\arm-compute\\dist\\commonjs\\computeManagementClient.js:29:19)\n    at new CloudProviderService (C:\\Users\\agarw\\Projects\\Cloudprice\\server\\services\\cloudProviderService.js:34:28)\n    at Object.<anonymous> (C:\\Users\\agarw\\Projects\\Cloudprice\\server\\services\\cloudProviderService.js:231:18)\n    at Module._compile (node:internal/modules/cjs/loader:1562:14)\n    at Object..js (node:internal/modules/cjs/loader:1699:10)\n    at Module.load (node:internal/modules/cjs/loader:1313:32)\n    at Function._load (node:internal/modules/cjs/loader:1123:12)\n    at TracingChannel.traceSync (node:diagnostics_channel:322:14)\n    at wrapModuleLoad (node:internal/modules/cjs/loader:217:24)\n    at Module.require (node:internal/modules/cjs/loader:1335:12)","timestamp":"2025-05-14T18:57:13.838Z"}
{"level":"info","message":"GCP client initialized","timestamp":"2025-05-14T18:57:13.910Z"}
{"level":"info","message":"Price update cron job scheduled (every 3 days at midnight UTC)","timestamp":"2025-05-14T18:57:13.995Z"}
{"level":"info","message":"Fetching GCP instances","timestamp":"2025-05-14T18:57:21.732Z"}
{"level":"info","message":"No GCP instances found","timestamp":"2025-05-14T18:57:21.788Z"}
{"level":"info","message":"Fetching GCP instances","timestamp":"2025-05-14T19:19:59.118Z"}
{"level":"info","message":"No GCP instances found","timestamp":"2025-05-14T19:19:59.219Z"}
{"level":"info","message":"Fetching GCP instances","timestamp":"2025-05-14T19:20:10.362Z"}
{"level":"info","message":"No GCP instances found","timestamp":"2025-05-14T19:20:10.405Z"}
{"level":"info","message":"Fetching GCP instances","timestamp":"2025-05-14T19:22:43.070Z"}
{"level":"info","message":"No GCP instances found","timestamp":"2025-05-14T19:22:43.112Z"}
{"level":"info","message":"AWS client initialized","timestamp":"2025-05-14T19:24:24.910Z"}
{"level":"error","message":"Failed to initialize Azure client: 'subscriptionId' cannot be null","stack":"Error: 'subscriptionId' cannot be null\n    at new ComputeManagementClient (C:\\Users\\agarw\\Projects\\Cloudprice\\server\\node_modules\\@azure\\arm-compute\\dist\\commonjs\\computeManagementClient.js:29:19)\n    at new CloudProviderService (C:\\Users\\agarw\\Projects\\Cloudprice\\server\\services\\cloudProviderService.js:34:28)\n    at Object.<anonymous> (C:\\Users\\agarw\\Projects\\Cloudprice\\server\\services\\cloudProviderService.js:231:18)\n    at Module._compile (node:internal/modules/cjs/loader:1562:14)\n    at Object..js (node:internal/modules/cjs/loader:1699:10)\n    at Module.load (node:internal/modules/cjs/loader:1313:32)\n    at Function._load (node:internal/modules/cjs/loader:1123:12)\n    at TracingChannel.traceSync (node:diagnostics_channel:322:14)\n    at wrapModuleLoad (node:internal/modules/cjs/loader:217:24)\n    at Module.require (node:internal/modules/cjs/loader:1335:12)","timestamp":"2025-05-14T19:24:24.917Z"}
{"level":"info","message":"GCP client initialized","timestamp":"2025-05-14T19:24:24.999Z"}
{"level":"info","message":"Price update cron job scheduled (every 3 days at midnight UTC)","timestamp":"2025-05-14T19:24:25.068Z"}
{"level":"warn","message":"AWS credentials missing or invalid; AWS client not initialized","timestamp":"2025-05-14T19:24:58.441Z"}
{"clientId":"9561bb70-6b9a-4260-a719-697dff25d4bd","level":"info","message":"Attempting to initialize Azure client with credentials:","subscriptionId":"087cb608-66a9-4dc0-8734-ae888dd9aa8f","tenantId":"0f16d98d-7fed-416e-8901-543b4e125d5c","timestamp":"2025-05-14T19:24:58.446Z"}
{"level":"error","message":"Failed to initialize Azure client:","timestamp":"2025-05-14T19:24:58.448Z"}
{"level":"info","message":"GCP client initialized","timestamp":"2025-05-14T19:24:58.548Z"}
{"level":"info","message":"Price update cron job scheduled (every 3 days at midnight UTC)","timestamp":"2025-05-14T19:24:58.620Z"}
{"level":"warn","message":"AWS credentials missing or invalid; AWS client not initialized","timestamp":"2025-05-14T19:25:19.271Z"}
{"clientId":"9561bb70-6b9a-4260-a719-697dff25d4bd","level":"info","message":"Attempting to initialize Azure client with credentials:","subscriptionId":"087cb608-66a9-4dc0-8734-ae888dd9aa8f","tenantId":"0f16d98d-7fed-416e-8901-543b4e125d5c","timestamp":"2025-05-14T19:25:19.278Z"}
{"level":"error","message":"Failed to initialize Azure client:","timestamp":"2025-05-14T19:25:19.279Z"}
{"level":"info","message":"GCP client initialized","timestamp":"2025-05-14T19:25:19.369Z"}
{"level":"info","message":"Price update cron job scheduled (every 3 days at midnight UTC)","timestamp":"2025-05-14T19:25:19.441Z"}
{"level":"warn","message":"AWS credentials missing or invalid; AWS client not initialized","timestamp":"2025-05-14T19:26:34.446Z"}
{"clientId":"9561bb70-6b9a-4260-a719-697dff25d4bd","level":"info","message":"Attempting to initialize Azure client with credentials:","subscriptionId":"087cb608-66a9-4dc0-8734-ae888dd9aa8f","tenantId":"0f16d98d-7fed-416e-8901-543b4e125d5c","timestamp":"2025-05-14T19:26:34.451Z"}
{"level":"error","message":"Failed to initialize Azure client:","timestamp":"2025-05-14T19:26:34.452Z"}
{"level":"info","message":"GCP client initialized","timestamp":"2025-05-14T19:26:34.517Z"}
{"level":"info","message":"Price update cron job scheduled (every 3 days at midnight UTC)","timestamp":"2025-05-14T19:26:34.577Z"}
{"level":"info","message":"Fetching GCP instances","timestamp":"2025-05-14T19:26:56.267Z"}
{"level":"info","message":"Found 0 GCP instances","timestamp":"2025-05-14T19:26:56.317Z"}
{"level":"warn","message":"AWS credentials missing or invalid; AWS client not initialized","timestamp":"2025-05-14T19:31:20.885Z"}
{"clientId":"9561bb70-6b9a-4260-a719-697dff25d4bd","level":"info","message":"Attempting to initialize Azure client with credentials:","subscriptionId":"087cb608-66a9-4dc0-8734-ae888dd9aa8f","tenantId":"0f16d98d-7fed-416e-8901-543b4e125d5c","timestamp":"2025-05-14T19:31:20.890Z"}
{"level":"error","message":"Failed to initialize Azure client:","timestamp":"2025-05-14T19:31:20.891Z"}
{"level":"info","message":"GCP client initialized","timestamp":"2025-05-14T19:31:20.958Z"}
{"level":"info","message":"Price update cron job scheduled (every 3 days at midnight UTC)","timestamp":"2025-05-14T19:31:21.012Z"}
{"level":"warn","message":"AWS credentials missing or invalid; AWS client not initialized","timestamp":"2025-05-14T19:48:22.863Z"}
{"clientId":"9561bb70-6b9a-4260-a719-697dff25d4bd","level":"info","message":"Attempting to initialize Azure client with credentials:","subscriptionId":"087cb608-66a9-4dc0-8734-ae888dd9aa8f","tenantId":"0f16d98d-7fed-416e-8901-543b4e125d5c","timestamp":"2025-05-14T19:48:22.871Z"}
{"level":"error","message":"Failed to initialize Azure client:","timestamp":"2025-05-14T19:48:22.872Z"}
{"level":"info","message":"GCP client initialized","timestamp":"2025-05-14T19:48:22.953Z"}
{"level":"info","message":"Price update cron job scheduled (every 3 days at midnight UTC)","timestamp":"2025-05-14T19:48:23.073Z"}
{"level":"warn","message":"AWS credentials missing or invalid; AWS client not initialized","timestamp":"2025-05-14T19:48:54.835Z"}
{"clientId":"9561bb70-6b9a-4260-a719-697dff25d4bd","level":"info","message":"Attempting to initialize Azure client with credentials:","subscriptionId":"087cb608-66a9-4dc0-8734-ae888dd9aa8f","tenantId":"0f16d98d-7fed-416e-8901-543b4e125d5c","timestamp":"2025-05-14T19:48:54.841Z"}
{"level":"error","message":"Failed to initialize Azure client:","timestamp":"2025-05-14T19:48:54.842Z"}
{"level":"info","message":"GCP client initialized","timestamp":"2025-05-14T19:48:54.891Z"}
{"level":"info","message":"Price update cron job scheduled (every 3 days at midnight UTC)","timestamp":"2025-05-14T19:48:54.939Z"}
{"level":"info","message":"Fetching GCP instances","timestamp":"2025-05-14T19:49:01.101Z"}
{"level":"info","message":"Found 0 GCP instances","timestamp":"2025-05-14T19:49:01.155Z"}
{"level":"warn","message":"No GCP instances found; inserting dummy instance","timestamp":"2025-05-14T19:49:01.160Z"}
{"level":"info","message":"Inserted 1 dummy GCP instance","timestamp":"2025-05-14T19:49:01.223Z"}
{"level":"info","message":"Fetching GCP instances","timestamp":"2025-05-14T19:49:14.927Z"}
{"level":"info","message":"Found 1 GCP instances","timestamp":"2025-05-14T19:49:14.975Z"}
{"level":"info","message":"Fetching GCP instances","timestamp":"2025-05-14T19:55:24.464Z"}
{"level":"info","message":"Found 1 GCP instances","timestamp":"2025-05-14T19:55:24.503Z"}
{"level":"warn","message":"AWS credentials missing or invalid; AWS client not initialized","timestamp":"2025-05-14T19:57:27.880Z"}
{"clientId":"9561bb70-6b9a-4260-a719-697dff25d4bd","level":"info","message":"Attempting to initialize Azure client with credentials:","subscriptionId":"087cb608-66a9-4dc0-8734-ae888dd9aa8f","tenantId":"0f16d98d-7fed-416e-8901-543b4e125d5c","timestamp":"2025-05-14T19:57:27.884Z"}
{"level":"error","message":"Failed to initialize Azure client:","timestamp":"2025-05-14T19:57:27.885Z"}
{"level":"info","message":"GCP client initialized","timestamp":"2025-05-14T19:57:27.970Z"}
{"level":"info","message":"Price update cron job scheduled (every 3 days at midnight UTC)","timestamp":"2025-05-14T19:57:28.036Z"}
{"level":"info","message":"Fetching GCP instances","timestamp":"2025-05-14T19:57:43.136Z"}
{"level":"info","message":"Found 1 GCP instances","timestamp":"2025-05-14T19:57:43.190Z"}
{"level":"info","message":"Fetching GCP instances","timestamp":"2025-05-14T19:57:47.638Z"}
{"level":"info","message":"Found 1 GCP instances","timestamp":"2025-05-14T19:57:47.960Z"}
{"level":"info","message":"Fetching GCP instances","timestamp":"2025-05-14T20:14:22.365Z"}
{"level":"info","message":"Found 1 GCP instances","timestamp":"2025-05-14T20:14:22.488Z"}
{"level":"info","message":"Fetching Azure instances","timestamp":"2025-05-14T20:18:55.839Z"}
{"level":"info","message":"Found 0 Azure instances","timestamp":"2025-05-14T20:18:55.884Z"}
{"level":"warn","message":"No Azure instances found; inserting dummy instance","timestamp":"2025-05-14T20:18:55.884Z"}
{"level":"info","message":"Inserted 1 dummy Azure instance","timestamp":"2025-05-14T20:18:56.007Z"}
{"level":"info","message":"Fetching AWS instances","timestamp":"2025-05-14T20:19:00.082Z"}
{"level":"info","message":"Found 0 AWS instances","timestamp":"2025-05-14T20:19:00.127Z"}
{"level":"warn","message":"No AWS instances found; inserting dummy instance","timestamp":"2025-05-14T20:19:00.128Z"}
{"level":"info","message":"Inserted 1 dummy AWS instance","timestamp":"2025-05-14T20:19:00.172Z"}
{"level":"info","message":"Fetching Azure instances","timestamp":"2025-05-14T20:19:35.188Z"}
{"level":"info","message":"Found 1 Azure instances","timestamp":"2025-05-14T20:19:35.263Z"}
{"level":"info","message":"Fetching GCP instances","timestamp":"2025-05-14T20:19:38.819Z"}
{"level":"info","message":"Found 1 GCP instances","timestamp":"2025-05-14T20:19:38.878Z"}
{"level":"info","message":"Fetching GCP instances","timestamp":"2025-05-14T20:28:02.614Z"}
{"level":"info","message":"Found 1 GCP instances","timestamp":"2025-05-14T20:28:02.664Z"}
{"level":"info","message":"Fetching GCP instances","timestamp":"2025-05-14T20:28:02.670Z"}
{"level":"info","message":"Found 1 GCP instances","timestamp":"2025-05-14T20:28:02.714Z"}
{"level":"info","message":"Fetching GCP instances","timestamp":"2025-05-14T20:28:10.500Z"}
{"level":"info","message":"Found 1 GCP instances","timestamp":"2025-05-14T20:28:10.547Z"}
{"level":"info","message":"Fetching GCP instances","timestamp":"2025-05-14T20:30:51.446Z"}
{"level":"info","message":"Found 1 GCP instances","timestamp":"2025-05-14T20:30:51.486Z"}
{"level":"info","message":"Fetching GCP instances","timestamp":"2025-05-14T20:30:51.489Z"}
{"level":"info","message":"Found 1 GCP instances","timestamp":"2025-05-14T20:30:51.531Z"}
{"level":"info","message":"Fetching GCP instances","timestamp":"2025-05-14T20:35:56.180Z"}
{"level":"info","message":"Found 1 GCP instances","timestamp":"2025-05-14T20:35:56.229Z"}
{"level":"info","message":"Fetching GCP instances","timestamp":"2025-05-14T20:35:56.235Z"}
{"level":"info","message":"Found 1 GCP instances","timestamp":"2025-05-14T20:35:56.283Z"}
{"level":"info","message":"Fetching GCP instances","timestamp":"2025-05-14T20:36:58.186Z"}
{"level":"info","message":"Found 1 GCP instances","timestamp":"2025-05-14T20:36:58.243Z"}
{"level":"info","message":"Fetching GCP instances","timestamp":"2025-05-14T20:36:58.257Z"}
{"level":"info","message":"Found 1 GCP instances","timestamp":"2025-05-14T20:36:58.322Z"}
{"level":"info","message":"Fetching GCP instances","timestamp":"2025-05-14T20:38:30.884Z"}
{"level":"info","message":"Found 1 GCP instances","timestamp":"2025-05-14T20:38:30.924Z"}
{"level":"info","message":"Fetching GCP instances","timestamp":"2025-05-14T20:38:30.930Z"}
{"level":"info","message":"Found 1 GCP instances","timestamp":"2025-05-14T20:38:30.971Z"}
{"level":"info","message":"GCP client initialized successfully","timestamp":"2025-05-15T09:33:20.829Z"}
{"level":"info","message":"AWS client initialized successfully","timestamp":"2025-05-15T09:33:20.840Z"}
{"level":"info","message":"Azure client initialized successfully","timestamp":"2025-05-15T09:33:20.850Z"}
{"level":"info","message":"Price update cron job scheduled (every 3 days at midnight UTC)","timestamp":"2025-05-15T09:33:20.976Z"}
{"level":"info","message":"Fetching GCP instances","timestamp":"2025-05-15T09:33:32.909Z"}
{"level":"info","message":"Found 1 GCP instances","timestamp":"2025-05-15T09:33:32.960Z"}
{"level":"info","message":"Fetching Azure instances","timestamp":"2025-05-15T09:33:38.081Z"}
{"level":"info","message":"Found 1 Azure instances","timestamp":"2025-05-15T09:33:38.126Z"}
{"level":"info","message":"Fetching AWS instances","timestamp":"2025-05-15T09:33:46.731Z"}
{"level":"info","message":"Found 1 AWS instances","timestamp":"2025-05-15T09:33:46.776Z"}
{"level":"info","message":"Fetching GCP instances","timestamp":"2025-05-15T09:35:44.291Z"}
{"level":"info","message":"Found 1 GCP instances","timestamp":"2025-05-15T09:35:44.338Z"}
{"level":"info","message":"GCP client initialized successfully","timestamp":"2025-05-15T09:37:37.352Z"}
{"level":"info","message":"AWS client initialized successfully","timestamp":"2025-05-15T09:37:37.362Z"}
{"level":"info","message":"Azure client initialized successfully","timestamp":"2025-05-15T09:37:37.374Z"}
{"level":"info","message":"Price update cron job scheduled (every 3 days at midnight UTC)","timestamp":"2025-05-15T09:37:37.445Z"}
{"level":"info","message":"Fetching GCP instances","timestamp":"2025-05-15T09:37:50.180Z"}
{"level":"info","message":"Found 1 GCP instances","timestamp":"2025-05-15T09:37:50.243Z"}
{"level":"info","message":"Fetching GCP instances","timestamp":"2025-05-15T10:58:34.066Z"}
{"level":"info","message":"Found 1 GCP instances","timestamp":"2025-05-15T10:58:34.157Z"}
{"level":"info","message":"Fetching GCP instances","timestamp":"2025-05-15T10:58:34.167Z"}
{"level":"info","message":"Found 1 GCP instances","timestamp":"2025-05-15T10:58:34.214Z"}
{"level":"info","message":"Fetching Azure instances","timestamp":"2025-05-15T10:58:50.159Z"}
{"level":"info","message":"Found 1 Azure instances","timestamp":"2025-05-15T10:58:50.203Z"}
{"level":"info","message":"Fetching AWS instances","timestamp":"2025-05-15T10:58:56.166Z"}
{"level":"info","message":"Found 1 AWS instances","timestamp":"2025-05-15T10:58:56.212Z"}
{"level":"info","message":"Fetching GCP instances","timestamp":"2025-05-15T10:58:59.410Z"}
{"level":"info","message":"Found 1 GCP instances","timestamp":"2025-05-15T10:58:59.457Z"}
{"level":"info","message":"Fetching GCP instances","timestamp":"2025-05-15T16:13:35.721Z"}
{"level":"info","message":"Found 1 GCP instances","timestamp":"2025-05-15T16:13:36.099Z"}
{"level":"info","message":"Fetching GCP instances","timestamp":"2025-05-15T16:47:41.498Z"}
{"level":"info","message":"Found 1 GCP instances","timestamp":"2025-05-15T16:47:41.599Z"}
{"level":"info","message":"Fetching GCP instances","timestamp":"2025-05-15T16:47:41.615Z"}
{"level":"info","message":"Found 1 GCP instances","timestamp":"2025-05-15T16:47:41.675Z"}
{"level":"info","message":"Fetching Azure instances","timestamp":"2025-05-15T16:47:43.585Z"}
{"level":"info","message":"Found 1 Azure instances","timestamp":"2025-05-15T16:47:43.639Z"}
{"level":"info","message":"Fetching GCP instances","timestamp":"2025-05-15T16:51:04.734Z"}
{"level":"info","message":"Found 1 GCP instances","timestamp":"2025-05-15T16:51:04.785Z"}
{"level":"info","message":"Fetching Azure instances","timestamp":"2025-05-15T16:51:06.257Z"}
{"level":"info","message":"Found 1 Azure instances","timestamp":"2025-05-15T16:51:06.307Z"}
{"level":"info","message":"GCP client initialized successfully","timestamp":"2025-05-15T17:05:16.376Z"}
{"level":"info","message":"AWS client initialized successfully","timestamp":"2025-05-15T17:05:16.388Z"}
{"level":"info","message":"Azure client initialized successfully","timestamp":"2025-05-15T17:05:16.399Z"}
{"level":"info","message":"Price update cron job scheduled (every 3 days at midnight UTC)","timestamp":"2025-05-15T17:05:16.523Z"}
{"level":"info","message":"Fetching GCP instances","timestamp":"2025-05-15T17:05:33.163Z"}
{"level":"info","message":"Found 1 GCP instances","timestamp":"2025-05-15T17:05:33.251Z"}
{"level":"info","message":"Fetching Azure instances","timestamp":"2025-05-15T17:05:34.805Z"}
{"level":"info","message":"Found 1 Azure instances","timestamp":"2025-05-15T17:05:34.874Z"}
{"level":"info","message":"GCP client initialized successfully","timestamp":"2025-05-15T17:21:27.876Z"}
{"level":"info","message":"AWS client initialized successfully","timestamp":"2025-05-15T17:21:27.885Z"}
{"level":"info","message":"Azure client initialized successfully","timestamp":"2025-05-15T17:21:27.898Z"}
{"level":"info","message":"Price update cron job scheduled (every 3 days at midnight UTC)","timestamp":"2025-05-15T17:21:27.971Z"}
{"level":"info","message":"GCP client initialized successfully","timestamp":"2025-05-15T17:22:46.428Z"}
{"level":"info","message":"AWS client initialized successfully","timestamp":"2025-05-15T17:22:46.442Z"}
{"level":"info","message":"Azure client initialized successfully","timestamp":"2025-05-15T17:22:46.455Z"}
{"level":"info","message":"Price update cron job scheduled (every 3 days at midnight UTC)","timestamp":"2025-05-15T17:22:46.548Z"}
{"level":"info","message":"Fetching GCP instances","timestamp":"2025-05-15T17:23:25.829Z"}
{"level":"info","message":"Found 1 GCP instances","timestamp":"2025-05-15T17:23:25.890Z"}
{"level":"info","message":"Fetching Azure instances","timestamp":"2025-05-15T17:23:31.180Z"}
{"level":"info","message":"Found 1 Azure instances","timestamp":"2025-05-15T17:23:31.250Z"}
{"level":"info","message":"GCP client initialized successfully","timestamp":"2025-05-15T17:30:43.488Z"}
{"level":"info","message":"AWS client initialized successfully","timestamp":"2025-05-15T17:30:43.500Z"}
{"level":"info","message":"Azure client initialized successfully","timestamp":"2025-05-15T17:30:43.513Z"}
{"level":"info","message":"Price update cron job scheduled (every 3 days at midnight UTC)","timestamp":"2025-05-15T17:30:43.600Z"}
{"level":"info","message":"GCP client initialized successfully","timestamp":"2025-05-15T17:32:58.089Z"}
{"level":"info","message":"AWS client initialized successfully","timestamp":"2025-05-15T17:32:58.098Z"}
{"level":"info","message":"Azure client initialized successfully","timestamp":"2025-05-15T17:32:58.110Z"}
{"level":"info","message":"Price update cron job scheduled (every 3 days at midnight UTC)","timestamp":"2025-05-15T17:32:58.189Z"}
{"level":"info","message":"Fetching GCP instances","timestamp":"2025-05-15T17:33:03.669Z"}
{"level":"info","message":"Found 1 GCP instances","timestamp":"2025-05-15T17:33:03.741Z"}
{"level":"info","message":"Fetching Azure instances","timestamp":"2025-05-15T17:33:04.920Z"}
{"level":"info","message":"Found 1 Azure instances","timestamp":"2025-05-15T17:33:04.975Z"}
{"level":"info","message":"Fetching instances for provider: azure","timestamp":"2025-05-15T17:33:13.944Z"}
{"level":"error","message":"Failed to fetch Azure instances: The operation is not permitted for namespace 'Microsoft.CostManagement'. List of permitted provider namespaces is 'Microsoft.Resources,Microsoft.Authorization,Microsoft.Insights,Microsoft.Web,Microsoft.Support,Microsoft.VisualStudio,Microsoft.NotificationHubs,Microsoft.Sql,Microsoft.Billing,Microsoft.DatabaseFleetManager,Microsoft.Education,Microsoft.Features,Microsoft.Subscription'.","timestamp":"2025-05-15T17:33:14.933Z"}
{"level":"info","message":"Saved 1 azure instances to the database","timestamp":"2025-05-15T17:33:15.108Z"}
{"level":"info","message":"Fetching GCP instances","timestamp":"2025-05-15T18:13:47.975Z"}
{"level":"info","message":"Found 1 GCP instances","timestamp":"2025-05-15T18:13:48.170Z"}
{"level":"info","message":"Fetching AWS instances","timestamp":"2025-05-15T18:13:50.383Z"}
{"level":"info","message":"Found 1 AWS instances","timestamp":"2025-05-15T18:13:50.443Z"}
{"level":"info","message":"Fetching GCP instances","timestamp":"2025-05-16T07:31:38.448Z"}
{"level":"info","message":"Found 1 GCP instances","timestamp":"2025-05-16T07:31:38.936Z"}
{"level":"info","message":"GCP client initialized successfully","timestamp":"2025-05-16T08:21:48.649Z"}
{"level":"info","message":"AWS client initialized successfully","timestamp":"2025-05-16T08:21:48.662Z"}
{"level":"info","message":"Azure client initialized successfully","timestamp":"2025-05-16T08:21:48.673Z"}
{"level":"info","message":"Price update cron job scheduled (every 3 days at midnight UTC)","timestamp":"2025-05-16T08:21:48.834Z"}
{"level":"info","message":"Fetching GCP instances","timestamp":"2025-05-16T08:21:53.352Z"}
{"level":"info","message":"Found 1 GCP instances","timestamp":"2025-05-16T08:21:53.409Z"}
{"level":"info","message":"Fetching GCP instances","timestamp":"2025-05-16T08:21:57.518Z"}
{"level":"info","message":"Found 1 GCP instances","timestamp":"2025-05-16T08:21:57.567Z"}
{"level":"info","message":"Fetching AWS instances","timestamp":"2025-05-16T08:21:59.362Z"}
{"level":"info","message":"Found 1 AWS instances","timestamp":"2025-05-16T08:21:59.416Z"}
{"level":"info","message":"Fetching GCP instances","timestamp":"2025-05-16T08:22:04.190Z"}
{"level":"info","message":"Found 1 GCP instances","timestamp":"2025-05-16T08:22:04.239Z"}
{"level":"info","message":"Fetching AWS instances","timestamp":"2025-05-16T08:23:16.589Z"}
{"level":"info","message":"Found 1 AWS instances","timestamp":"2025-05-16T08:23:16.643Z"}
{"level":"info","message":"Fetching instances for provider: aws","timestamp":"2025-05-16T08:24:28.269Z"}
{"level":"error","message":"Failed to fetch AWS instances: \"[object Object]\" is not valid JSON","timestamp":"2025-05-16T08:24:29.320Z"}
{"level":"info","message":"Saved 1 aws instances to the database","timestamp":"2025-05-16T08:24:29.441Z"}
{"level":"info","message":"GCP client initialized successfully","timestamp":"2025-05-16T08:28:46.037Z"}
{"level":"info","message":"AWS client initialized successfully","timestamp":"2025-05-16T08:28:46.045Z"}
{"level":"info","message":"Azure client initialized successfully","timestamp":"2025-05-16T08:28:46.057Z"}
{"level":"info","message":"Price update cron job scheduled (every 3 days at midnight UTC)","timestamp":"2025-05-16T08:28:46.143Z"}
{"level":"info","message":"GCP client initialized successfully","timestamp":"2025-05-16T08:29:06.891Z"}
{"level":"info","message":"AWS client initialized successfully","timestamp":"2025-05-16T08:29:06.904Z"}
{"level":"info","message":"Azure client initialized successfully","timestamp":"2025-05-16T08:29:06.921Z"}
{"level":"info","message":"Price update cron job scheduled (every 3 days at midnight UTC)","timestamp":"2025-05-16T08:29:06.999Z"}
{"level":"info","message":"Fetching GCP instances","timestamp":"2025-05-16T08:29:20.181Z"}
{"level":"info","message":"Found 1 GCP instances","timestamp":"2025-05-16T08:29:20.240Z"}
{"level":"info","message":"Fetching AWS instances","timestamp":"2025-05-16T08:29:23.721Z"}
{"level":"info","message":"Found 1 AWS instances","timestamp":"2025-05-16T08:29:23.770Z"}
{"level":"info","message":"Fetching GCP instances","timestamp":"2025-05-16T08:29:31.797Z"}
{"level":"info","message":"Found 1 GCP instances","timestamp":"2025-05-16T08:29:31.848Z"}
{"level":"info","message":"Fetching AWS instances","timestamp":"2025-05-16T08:29:35.359Z"}
{"level":"info","message":"Found 1 AWS instances","timestamp":"2025-05-16T08:29:35.404Z"}
{"level":"info","message":"Fetching GCP instances","timestamp":"2025-05-16T08:30:05.005Z"}
{"level":"info","message":"Found 1 GCP instances","timestamp":"2025-05-16T08:30:05.048Z"}
{"level":"info","message":"Fetching AWS instances","timestamp":"2025-05-16T08:30:07.469Z"}
{"level":"info","message":"Found 1 AWS instances","timestamp":"2025-05-16T08:30:07.510Z"}
{"level":"info","message":"GCP client initialized successfully","timestamp":"2025-05-16T08:32:12.719Z"}
{"level":"info","message":"AWS client initialized successfully","timestamp":"2025-05-16T08:32:12.732Z"}
{"level":"info","message":"Azure client initialized successfully","timestamp":"2025-05-16T08:32:12.747Z"}
{"level":"info","message":"Price update cron job scheduled (every 3 days at midnight UTC)","timestamp":"2025-05-16T08:32:12.838Z"}
{"level":"info","message":"Fetching GCP instances","timestamp":"2025-05-16T08:32:40.523Z"}
{"level":"info","message":"Found 1 GCP instances","timestamp":"2025-05-16T08:32:40.579Z"}
{"level":"info","message":"Fetching AWS instances","timestamp":"2025-05-16T08:32:45.269Z"}
{"level":"info","message":"Found 1 AWS instances","timestamp":"2025-05-16T08:32:45.311Z"}
{"level":"info","message":"Fetching GCP instances","timestamp":"2025-05-16T08:32:48.885Z"}
{"level":"info","message":"Found 1 GCP instances","timestamp":"2025-05-16T08:32:48.927Z"}
{"level":"info","message":"Fetching GCP instances","timestamp":"2025-05-16T08:33:45.799Z"}
{"level":"info","message":"Found 1 GCP instances","timestamp":"2025-05-16T08:33:45.846Z"}
{"level":"info","message":"Fetching AWS instances","timestamp":"2025-05-16T08:33:48.156Z"}
{"level":"info","message":"Found 1 AWS instances","timestamp":"2025-05-16T08:33:48.197Z"}
{"level":"info","message":"GCP client initialized successfully","timestamp":"2025-05-16T08:39:03.406Z"}
{"level":"info","message":"AWS client initialized successfully","timestamp":"2025-05-16T08:39:03.420Z"}
{"level":"info","message":"Azure client initialized successfully","timestamp":"2025-05-16T08:39:03.432Z"}
{"level":"info","message":"Price update cron job scheduled (every 3 days at midnight UTC)","timestamp":"2025-05-16T08:39:03.502Z"}
{"level":"info","message":"GCP client initialized successfully","timestamp":"2025-05-16T08:39:42.185Z"}
{"level":"info","message":"AWS client initialized successfully","timestamp":"2025-05-16T08:39:42.195Z"}
{"level":"info","message":"Azure client initialized successfully","timestamp":"2025-05-16T08:39:42.205Z"}
{"level":"info","message":"Price update cron job scheduled (every 3 days at midnight UTC)","timestamp":"2025-05-16T08:39:42.283Z"}
{"level":"info","message":"Fetching GCP instances","timestamp":"2025-05-16T08:40:28.024Z"}
{"level":"info","message":"Found 1 GCP instances","timestamp":"2025-05-16T08:40:28.079Z"}
{"level":"info","message":"Fetching GCP instances","timestamp":"2025-05-16T08:40:28.088Z"}
{"level":"info","message":"Found 1 GCP instances","timestamp":"2025-05-16T08:40:28.131Z"}
{"level":"info","message":"Fetching AWS instances","timestamp":"2025-05-16T08:40:32.929Z"}
{"level":"info","message":"Found 1 AWS instances","timestamp":"2025-05-16T08:40:32.973Z"}
