{"level":"info","message":"Server running on port 3000","timestamp":"2025-05-14T13:03:48.702Z"}
{"errorLabelSet":{},"level":"error","message":"MongoDB connection error: connect ECONNREFUSED ::1:27017, connect ECONNREFUSED 127.0.0.1:27017","reason":{"commonWireVersion":0,"compatible":true,"heartbeatFrequencyMS":10000,"localThresholdMS":15,"logicalSessionTimeoutMinutes":null,"maxElectionId":null,"maxSetVersion":null,"servers":{"localhost:27017":{"$clusterTime":null,"address":"localhost:27017","arbiters":[],"electionId":null,"error":{"beforeHandshake":false,"errorLabelSet":{}},"hosts":[],"iscryptd":false,"lastUpdateTime":354809134,"lastWriteDate":0,"logicalSessionTimeoutMinutes":null,"maxBsonObjectSize":null,"maxMessageSizeBytes":null,"maxWireVersion":0,"maxWriteBatchSize":null,"me":null,"minRoundTripTime":0,"minWireVersion":0,"passives":[],"primary":null,"roundTripTime":-1,"setName":null,"setVersion":null,"tags":{},"topologyVersion":null,"type":"Unknown"}},"setName":null,"stale":false,"type":"Unknown"},"stack":"MongooseServerSelectionError: connect ECONNREFUSED ::1:27017, connect ECONNREFUSED 127.0.0.1:27017\n    at _handleConnectionErrors (C:\\Users\\agarw\\Projects\\Cloudprice\\server\\node_modules\\mongoose\\lib\\connection.js:1165:11)\n    at NativeConnection.openUri (C:\\Users\\agarw\\Projects\\Cloudprice\\server\\node_modules\\mongoose\\lib\\connection.js:1096:11)","timestamp":"2025-05-14T13:04:18.696Z"}
{"level":"info","message":"Server running on port 3000","timestamp":"2025-05-14T13:10:27.745Z"}
{"level":"info","message":"Connected to MongoDB","timestamp":"2025-05-14T13:10:28.358Z"}
{"level":"info","message":"Server running on port 3000","timestamp":"2025-05-14T13:11:43.374Z"}
{"level":"info","message":"Connected to MongoDB","timestamp":"2025-05-14T13:11:43.954Z"}
{"level":"info","message":"Server running on port 3000","timestamp":"2025-05-14T13:11:57.279Z"}
{"level":"info","message":"Connected to MongoDB","timestamp":"2025-05-14T13:11:57.880Z"}
{"level":"info","message":"Server running on port 3000","timestamp":"2025-05-14T13:11:59.689Z"}
{"level":"info","message":"Connected to MongoDB","timestamp":"2025-05-14T13:12:00.194Z"}
{"level":"info","message":"Server running on port 3000","timestamp":"2025-05-14T13:12:07.676Z"}
{"level":"info","message":"Connected to MongoDB","timestamp":"2025-05-14T13:12:08.293Z"}
{"level":"info","message":"Server running on port 3000","timestamp":"2025-05-14T13:12:09.911Z"}
{"level":"info","message":"Connected to MongoDB","timestamp":"2025-05-14T13:12:10.458Z"}
{"level":"info","message":"Server running on port 3000","timestamp":"2025-05-14T13:12:49.993Z"}
{"level":"info","message":"Connected to MongoDB","timestamp":"2025-05-14T13:12:50.608Z"}
{"level":"info","message":"Server running on port 3000","timestamp":"2025-05-14T13:20:02.558Z"}
{"level":"info","message":"Connected to MongoDB","timestamp":"2025-05-14T13:20:03.246Z"}
{"level":"info","message":"Server running on port 3000","timestamp":"2025-05-14T13:20:15.766Z"}
{"level":"info","message":"Connected to MongoDB","timestamp":"2025-05-14T13:20:16.362Z"}
{"level":"info","message":"Server running on port 3000","timestamp":"2025-05-14T13:20:56.554Z"}
{"level":"info","message":"Connected to MongoDB","timestamp":"2025-05-14T13:20:57.068Z"}
{"level":"info","message":"Server running on port 3000","timestamp":"2025-05-14T13:20:59.569Z"}
{"level":"info","message":"Connected to MongoDB","timestamp":"2025-05-14T13:21:00.186Z"}
{"level":"info","message":"Server running on port 3000","timestamp":"2025-05-14T13:21:08.143Z"}
{"level":"info","message":"Connected to MongoDB","timestamp":"2025-05-14T13:21:08.808Z"}
{"level":"info","message":"Server running on port 3000","timestamp":"2025-05-14T13:21:10.610Z"}
{"level":"info","message":"Connected to MongoDB","timestamp":"2025-05-14T13:21:11.106Z"}
{"level":"info","message":"Server running on port 3000","timestamp":"2025-05-14T17:17:53.380Z"}
{"level":"info","message":"Connected to MongoDB","timestamp":"2025-05-14T17:17:54.009Z"}
{"level":"info","message":"Server running on port 3000","timestamp":"2025-05-14T17:20:31.545Z"}
{"level":"info","message":"Connected to MongoDB","timestamp":"2025-05-14T17:20:32.149Z"}
{"level":"info","message":"Server running on port 3000","timestamp":"2025-05-14T17:28:42.385Z"}
{"level":"info","message":"Connected to MongoDB","timestamp":"2025-05-14T17:28:43.029Z"}
{"level":"info","message":"Server running on port 3000","timestamp":"2025-05-14T17:45:33.293Z"}
{"level":"info","message":"Connected to MongoDB","timestamp":"2025-05-14T17:45:33.923Z"}
{"level":"info","message":"Server running on port 3000","timestamp":"2025-05-14T18:01:39.483Z"}
{"level":"info","message":"Connected to MongoDB","timestamp":"2025-05-14T18:01:40.120Z"}
{"level":"info","message":"Server running on port 3000","timestamp":"2025-05-14T18:05:37.233Z"}
{"level":"info","message":"Connected to MongoDB","timestamp":"2025-05-14T18:05:37.901Z"}
{"level":"info","message":"Server running on port 3000","timestamp":"2025-05-14T18:06:05.254Z"}
{"level":"info","message":"Connected to MongoDB","timestamp":"2025-05-14T18:06:05.859Z"}
{"level":"info","message":"Server running on port 3000","timestamp":"2025-05-14T18:06:40.499Z"}
{"level":"info","message":"Connected to MongoDB","timestamp":"2025-05-14T18:06:41.201Z"}
{"level":"info","message":"Server running on port 3000","timestamp":"2025-05-14T18:06:44.544Z"}
{"level":"info","message":"Connected to MongoDB","timestamp":"2025-05-14T18:06:45.124Z"}
{"level":"info","message":"Server running on port 3000","timestamp":"2025-05-14T18:07:06.290Z"}
{"level":"info","message":"Connected to MongoDB","timestamp":"2025-05-14T18:07:06.822Z"}
{"level":"info","message":"Server running on port 3000","timestamp":"2025-05-14T18:10:01.376Z"}
{"level":"info","message":"Connected to MongoDB","timestamp":"2025-05-14T18:10:01.989Z"}
{"level":"info","message":"Server running on port 3000","timestamp":"2025-05-14T18:57:14.003Z"}
{"level":"info","message":"Connected to MongoDB","timestamp":"2025-05-14T18:57:14.581Z"}
{"level":"info","message":"Server running on port 3000","timestamp":"2025-05-14T19:24:25.075Z"}
{"level":"info","message":"Connected to MongoDB","timestamp":"2025-05-14T19:24:25.677Z"}
{"level":"info","message":"Server running on port 3000","timestamp":"2025-05-14T19:24:58.627Z"}
{"level":"info","message":"Connected to MongoDB","timestamp":"2025-05-14T19:24:59.155Z"}
{"level":"info","message":"Server running on port 3000","timestamp":"2025-05-14T19:25:19.446Z"}
{"level":"info","message":"Connected to MongoDB","timestamp":"2025-05-14T19:25:20.029Z"}
{"level":"info","message":"Server running on port 3000","timestamp":"2025-05-14T19:26:34.584Z"}
{"level":"info","message":"Connected to MongoDB","timestamp":"2025-05-14T19:26:35.222Z"}
{"level":"info","message":"Server running on port 3000","timestamp":"2025-05-14T19:31:21.016Z"}
{"level":"info","message":"Connected to MongoDB","timestamp":"2025-05-14T19:31:21.649Z"}
{"level":"info","message":"Server running on port 3000","timestamp":"2025-05-14T19:48:23.080Z"}
{"level":"info","message":"Connected to MongoDB","timestamp":"2025-05-14T19:48:23.616Z"}
{"level":"info","message":"Server running on port 3000","timestamp":"2025-05-14T19:48:54.948Z"}
{"level":"info","message":"Connected to MongoDB","timestamp":"2025-05-14T19:48:55.449Z"}
{"level":"info","message":"Server running on port 3000","timestamp":"2025-05-14T19:57:28.041Z"}
{"level":"info","message":"Connected to MongoDB","timestamp":"2025-05-14T19:57:28.571Z"}
{"level":"info","message":"Server running on port 3000","timestamp":"2025-05-15T09:33:20.986Z"}
{"level":"info","message":"Connected to MongoDB","timestamp":"2025-05-15T09:33:21.628Z"}
{"level":"info","message":"Server running on port 3000","timestamp":"2025-05-15T09:37:37.450Z"}
{"level":"info","message":"Connected to MongoDB","timestamp":"2025-05-15T09:37:38.048Z"}
{"level":"info","message":"Server running on port 3000","timestamp":"2025-05-15T17:05:16.533Z"}
{"level":"info","message":"Connected to MongoDB","timestamp":"2025-05-15T17:05:17.351Z"}
{"level":"info","message":"Server running on port 3000","timestamp":"2025-05-15T17:21:27.976Z"}
{"level":"info","message":"Connected to MongoDB","timestamp":"2025-05-15T17:21:28.874Z"}
{"level":"info","message":"Server running on port 3000","timestamp":"2025-05-15T17:22:46.556Z"}
{"level":"info","message":"Connected to MongoDB","timestamp":"2025-05-15T17:22:47.198Z"}
{"level":"info","message":"Server running on port 3000","timestamp":"2025-05-15T17:30:43.607Z"}
{"level":"info","message":"Connected to MongoDB","timestamp":"2025-05-15T17:30:44.301Z"}
{"level":"info","message":"Server running on port 3000","timestamp":"2025-05-15T17:32:58.195Z"}
{"level":"info","message":"Connected to MongoDB","timestamp":"2025-05-15T17:32:58.933Z"}
{"level":"info","message":"Server running on port 3000","timestamp":"2025-05-16T08:21:48.843Z"}
{"level":"info","message":"Connected to MongoDB","timestamp":"2025-05-16T08:21:49.481Z"}
{"level":"info","message":"Server running on port 3000","timestamp":"2025-05-16T08:28:46.149Z"}
{"level":"info","message":"Connected to MongoDB","timestamp":"2025-05-16T08:28:46.870Z"}
{"level":"info","message":"Server running on port 3000","timestamp":"2025-05-16T08:29:07.007Z"}
{"level":"info","message":"Connected to MongoDB","timestamp":"2025-05-16T08:29:07.575Z"}
{"level":"info","message":"Server running on port 3000","timestamp":"2025-05-16T08:32:12.845Z"}
{"level":"info","message":"Connected to MongoDB","timestamp":"2025-05-16T08:32:13.473Z"}
{"level":"info","message":"Server running on port 3000","timestamp":"2025-05-16T08:39:03.510Z"}
{"level":"info","message":"Connected to MongoDB","timestamp":"2025-05-16T08:39:04.059Z"}
{"level":"info","message":"Server running on port 3000","timestamp":"2025-05-16T08:39:42.290Z"}
{"level":"info","message":"Connected to MongoDB","timestamp":"2025-05-16T08:39:42.883Z"}
{"level":"info","message":"Server running on port 3000","timestamp":"2025-05-16T13:47:06.262Z"}
{"level":"info","message":"Connected to MongoDB","timestamp":"2025-05-16T13:47:07.120Z"}
{"level":"info","message":"Server running on port 3000","timestamp":"2025-05-16T16:11:35.978Z"}
{"level":"info","message":"Connected to MongoDB","timestamp":"2025-05-16T16:11:36.666Z"}
{"level":"info","message":"Server running on port 3000","timestamp":"2025-05-16T16:12:36.674Z"}
{"level":"info","message":"Connected to MongoDB","timestamp":"2025-05-16T16:12:38.038Z"}
{"level":"info","message":"Server running on port 3000","timestamp":"2025-05-16T16:12:39.363Z"}
{"level":"info","message":"Connected to MongoDB","timestamp":"2025-05-16T16:12:40.205Z"}
{"level":"info","message":"Server running on port 3000","timestamp":"2025-05-16T16:13:19.210Z"}
{"level":"info","message":"Server running on port 3000","timestamp":"2025-05-16T16:13:20.322Z"}
{"level":"info","message":"Connected to MongoDB","timestamp":"2025-05-16T16:13:20.777Z"}
{"level":"info","message":"Server running on port 3000","timestamp":"2025-05-16T16:13:26.221Z"}
{"level":"info","message":"Connected to MongoDB","timestamp":"2025-05-16T16:13:26.712Z"}
{"level":"info","message":"Server running on port 3000","timestamp":"2025-05-16T16:13:37.485Z"}
{"level":"info","message":"Connected to MongoDB","timestamp":"2025-05-16T16:13:37.992Z"}
{"level":"info","message":"Server running on port 3000","timestamp":"2025-05-16T16:13:39.586Z"}
{"level":"info","message":"Connected to MongoDB","timestamp":"2025-05-16T16:13:40.474Z"}
{"level":"info","message":"Server running on port 3000","timestamp":"2025-05-16T16:13:45.361Z"}
{"level":"info","message":"Connected to MongoDB","timestamp":"2025-05-16T16:13:46.138Z"}
{"level":"info","message":"Server running on port 3000","timestamp":"2025-05-16T16:13:53.581Z"}
{"level":"info","message":"Connected to MongoDB","timestamp":"2025-05-16T16:13:54.055Z"}
{"level":"info","message":"Server running on port 3000","timestamp":"2025-05-16T16:13:55.657Z"}
{"level":"info","message":"Connected to MongoDB","timestamp":"2025-05-16T16:13:56.143Z"}
{"level":"info","message":"Server running on port 3000","timestamp":"2025-05-16T16:14:19.558Z"}
{"level":"info","message":"Connected to MongoDB","timestamp":"2025-05-16T16:14:20.375Z"}
{"level":"info","message":"Server running on port 3000","timestamp":"2025-05-16T17:37:32.407Z"}
{"level":"info","message":"Connected to MongoDB","timestamp":"2025-05-16T17:37:33.046Z"}
{"level":"info","message":"Server running on port 3000","timestamp":"2025-05-17T07:38:19.850Z"}
{"level":"info","message":"Connected to MongoDB","timestamp":"2025-05-17T07:38:20.427Z"}
{"level":"info","message":"Server running on port 3000","timestamp":"2025-05-17T07:42:51.750Z"}
{"level":"info","message":"Connected to MongoDB","timestamp":"2025-05-17T07:42:52.338Z"}
{"level":"info","message":"Server running on port 3000","timestamp":"2025-05-17T07:43:36.799Z"}
{"level":"info","message":"Connected to MongoDB","timestamp":"2025-05-17T07:43:37.320Z"}
{"level":"info","message":"Server running on port 3000","timestamp":"2025-05-17T07:46:08.608Z"}
{"level":"info","message":"Connected to MongoDB","timestamp":"2025-05-17T07:46:09.216Z"}
{"level":"info","message":"Server running on port 3000","timestamp":"2025-05-17T07:46:22.357Z"}
{"level":"info","message":"Connected to MongoDB","timestamp":"2025-05-17T07:46:22.869Z"}
{"level":"info","message":"Server running on port 3000","timestamp":"2025-05-17T07:47:11.309Z"}
{"level":"info","message":"Connected to MongoDB","timestamp":"2025-05-17T07:47:11.853Z"}
{"level":"info","message":"Server running on port 3000","timestamp":"2025-05-17T07:47:35.815Z"}
{"level":"info","message":"Connected to MongoDB","timestamp":"2025-05-17T07:47:36.316Z"}
{"level":"info","message":"Server running on port 3000","timestamp":"2025-05-17T07:48:18.189Z"}
{"level":"info","message":"Connected to MongoDB","timestamp":"2025-05-17T07:48:18.753Z"}
{"level":"info","message":"Server running on port 3000","timestamp":"2025-05-17T07:48:48.496Z"}
{"level":"info","message":"Connected to MongoDB","timestamp":"2025-05-17T07:48:48.997Z"}
{"level":"info","message":"Server running on port 3000","timestamp":"2025-05-17T07:49:28.190Z"}
{"level":"info","message":"Connected to MongoDB","timestamp":"2025-05-17T07:49:28.717Z"}
{"level":"info","message":"Server running on port 3000","timestamp":"2025-05-17T07:52:21.638Z"}
{"level":"info","message":"Connected to MongoDB","timestamp":"2025-05-17T07:52:22.283Z"}
{"level":"info","message":"Server running on port 3000","timestamp":"2025-05-17T07:52:55.564Z"}
{"level":"info","message":"Connected to MongoDB","timestamp":"2025-05-17T07:52:56.052Z"}
{"level":"info","message":"Server running on port 3000","timestamp":"2025-05-17T07:53:01.730Z"}
{"level":"info","message":"Connected to MongoDB","timestamp":"2025-05-17T07:53:02.259Z"}
{"level":"info","message":"Server running on port 3000","timestamp":"2025-05-17T07:56:14.602Z"}
{"level":"info","message":"Connected to MongoDB","timestamp":"2025-05-17T07:56:15.203Z"}
{"level":"info","message":"Server running on port 3000","timestamp":"2025-05-17T07:56:43.082Z"}
{"level":"info","message":"Connected to MongoDB","timestamp":"2025-05-17T07:56:43.612Z"}
{"level":"info","message":"Server running on port 3000","timestamp":"2025-05-17T07:58:11.873Z"}
{"level":"info","message":"Connected to MongoDB","timestamp":"2025-05-17T07:58:12.447Z"}
{"level":"info","message":"Server running on port 3000","timestamp":"2025-05-17T07:59:28.413Z"}
{"level":"info","message":"Connected to MongoDB","timestamp":"2025-05-17T07:59:28.936Z"}
{"level":"info","message":"Server running on port 3000","timestamp":"2025-05-17T08:01:01.173Z"}
{"level":"info","message":"Connected to MongoDB","timestamp":"2025-05-17T08:01:01.826Z"}
{"level":"info","message":"Server running on port 3000","timestamp":"2025-05-17T08:02:04.230Z"}
{"level":"info","message":"Connected to MongoDB","timestamp":"2025-05-17T08:02:04.774Z"}
{"level":"info","message":"Server running on port 3000","timestamp":"2025-05-17T08:03:51.563Z"}
{"level":"info","message":"Connected to MongoDB","timestamp":"2025-05-17T08:03:52.133Z"}
{"level":"info","message":"Server running on port 3000","timestamp":"2025-05-17T08:05:19.619Z"}
{"level":"info","message":"Connected to MongoDB","timestamp":"2025-05-17T08:05:20.203Z"}
{"level":"info","message":"Server running on port 3000","timestamp":"2025-05-17T18:36:55.824Z"}
{"level":"info","message":"Connected to MongoDB","timestamp":"2025-05-17T18:36:56.522Z"}
{"level":"info","message":"Server running on port 3000","timestamp":"2025-05-17T18:37:07.081Z"}
{"level":"info","message":"Connected to MongoDB","timestamp":"2025-05-17T18:37:07.579Z"}
{"level":"info","message":"Server running on port 3000","timestamp":"2025-05-17T18:37:17.470Z"}
{"level":"info","message":"Connected to MongoDB","timestamp":"2025-05-17T18:37:18.001Z"}
{"level":"info","message":"Server running on port 3000","timestamp":"2025-05-20T10:26:40.774Z"}
{"level":"info","message":"Connected to MongoDB","timestamp":"2025-05-20T10:26:41.417Z"}
{"level":"info","message":"Server running on port 3000","timestamp":"2025-05-20T10:33:55.445Z"}
{"level":"info","message":"Connected to MongoDB","timestamp":"2025-05-20T10:33:56.353Z"}
{"level":"info","message":"Server running on port 3000","timestamp":"2025-05-20T10:34:21.317Z"}
{"level":"info","message":"Connected to MongoDB","timestamp":"2025-05-20T10:34:21.928Z"}
{"level":"info","message":"Server running on port 3000","timestamp":"2025-05-20T10:34:42.157Z"}
{"level":"info","message":"Connected to MongoDB","timestamp":"2025-05-20T10:34:42.877Z"}
{"level":"info","message":"Server running on port 3000","timestamp":"2025-05-20T10:34:56.972Z"}
{"level":"info","message":"Connected to MongoDB","timestamp":"2025-05-20T10:34:57.705Z"}
{"level":"info","message":"Server running on port 3000","timestamp":"2025-05-20T10:35:13.019Z"}
{"level":"info","message":"Connected to MongoDB","timestamp":"2025-05-20T10:35:13.769Z"}
{"level":"info","message":"Server running on port 3000","timestamp":"2025-05-20T10:38:41.527Z"}
{"level":"info","message":"Connected to MongoDB","timestamp":"2025-05-20T10:38:42.205Z"}
{"level":"info","message":"Mounting routes...","timestamp":"2025-05-20T10:42:31.127Z"}
{"level":"info","message":"Mounting /api/v1/pricing","timestamp":"2025-05-20T10:42:31.131Z"}
{"level":"info","message":"Mounting /api/v1/comparison","timestamp":"2025-05-20T10:42:31.132Z"}
{"level":"info","message":"Mounting /api/v1/compare","timestamp":"2025-05-20T10:42:31.132Z"}
{"level":"info","message":"Mounting /api/v1/providers","timestamp":"2025-05-20T10:42:31.133Z"}
{"level":"info","message":"Mounting /api/v1/instances","timestamp":"2025-05-20T10:42:31.134Z"}
{"level":"info","message":"Server running on port 3000","timestamp":"2025-05-20T10:42:31.140Z"}
{"level":"info","message":"Connected to MongoDB","timestamp":"2025-05-20T10:42:31.747Z"}
{"level":"info","message":"Received request: GET /api/v1/compare?providers=aws%2Cazure%2Cgcp&minCpu=1&maxCpu=16&minMemory=1&maxMemory=64&gpu=false&sortBy=pricing.onDemand&sortOrder=asc&page=1&searchTerm=","timestamp":"2025-05-20T10:42:38.039Z"}
{"level":"info","message":"Mounting routes...","timestamp":"2025-05-20T10:43:15.744Z"}
{"level":"info","message":"Mounting /api/v1/pricing","timestamp":"2025-05-20T10:43:15.747Z"}
{"level":"info","message":"Mounting /api/v1/comparison","timestamp":"2025-05-20T10:43:15.748Z"}
{"level":"info","message":"Mounting /api/v1/compare","timestamp":"2025-05-20T10:43:15.749Z"}
{"level":"info","message":"Mounting /api/v1/providers","timestamp":"2025-05-20T10:43:15.749Z"}
{"level":"info","message":"Mounting /api/v1/instances","timestamp":"2025-05-20T10:43:15.750Z"}
{"level":"info","message":"Server running on port 3000","timestamp":"2025-05-20T10:43:15.758Z"}
{"level":"info","message":"Connected to MongoDB","timestamp":"2025-05-20T10:43:16.313Z"}
{"level":"info","message":"Mounting routes...","timestamp":"2025-05-20T10:43:49.373Z"}
{"level":"info","message":"Mounting /api/v1/pricing","timestamp":"2025-05-20T10:43:49.377Z"}
{"level":"info","message":"Mounting /api/v1/comparison","timestamp":"2025-05-20T10:43:49.378Z"}
{"level":"info","message":"Mounting /api/v1/compare","timestamp":"2025-05-20T10:43:49.379Z"}
{"level":"info","message":"Mounting /api/v1/providers","timestamp":"2025-05-20T10:43:49.379Z"}
{"level":"info","message":"Mounting /api/v1/instances","timestamp":"2025-05-20T10:43:49.380Z"}
{"level":"info","message":"Server running on port 3000","timestamp":"2025-05-20T10:43:49.387Z"}
{"level":"info","message":"Connected to MongoDB","timestamp":"2025-05-20T10:43:50.082Z"}
{"level":"info","message":"Received request: GET /api/v1/compare?providers=aws%2Cazure%2Cgcp&minCpu=1&maxCpu=16&minMemory=1&maxMemory=64&gpu=false&sortBy=pricing.onDemand&sortOrder=asc&page=1&searchTerm=","timestamp":"2025-05-20T10:43:54.029Z"}
{"level":"info","message":"Mounting routes...","timestamp":"2025-05-20T10:45:23.478Z"}
{"level":"info","message":"Mounting /api/v1/pricing","timestamp":"2025-05-20T10:45:23.482Z"}
{"level":"info","message":"Mounting /api/v1/comparison","timestamp":"2025-05-20T10:45:23.483Z"}
{"level":"info","message":"Mounting /api/v1/compare","timestamp":"2025-05-20T10:45:23.484Z"}
{"level":"info","message":"Mounting /api/v1/providers","timestamp":"2025-05-20T10:45:23.485Z"}
{"level":"info","message":"Mounting /api/v1/instances","timestamp":"2025-05-20T10:45:23.486Z"}
{"level":"info","message":"Server running on port 3000","timestamp":"2025-05-20T10:45:23.493Z"}
{"level":"info","message":"Connected to MongoDB","timestamp":"2025-05-20T10:45:24.077Z"}
{"level":"info","message":"Mounting routes...","timestamp":"2025-05-20T10:46:55.554Z"}
{"level":"info","message":"Mounting /api/v1/pricing","timestamp":"2025-05-20T10:46:55.558Z"}
{"level":"info","message":"Mounting /api/v1/comparison","timestamp":"2025-05-20T10:46:55.559Z"}
{"level":"info","message":"Mounting /api/v1/compare","timestamp":"2025-05-20T10:46:55.560Z"}
{"level":"info","message":"Mounting /api/v1/providers","timestamp":"2025-05-20T10:46:55.560Z"}
{"level":"info","message":"Mounting /api/v1/instances","timestamp":"2025-05-20T10:46:55.561Z"}
{"level":"info","message":"Server running on port 3000","timestamp":"2025-05-20T10:46:55.568Z"}
{"level":"info","message":"Connected to MongoDB","timestamp":"2025-05-20T10:46:56.297Z"}
{"level":"info","message":"Mounting routes...","timestamp":"2025-05-20T10:47:31.528Z"}
{"level":"info","message":"Mounting /api/v1/pricing","timestamp":"2025-05-20T10:47:31.533Z"}
{"level":"info","message":"Mounting /api/v1/comparison","timestamp":"2025-05-20T10:47:31.534Z"}
{"level":"info","message":"Mounting /api/v1/compare","timestamp":"2025-05-20T10:47:31.534Z"}
{"level":"info","message":"Mounting /api/v1/providers","timestamp":"2025-05-20T10:47:31.535Z"}
{"level":"info","message":"Mounting /api/v1/instances","timestamp":"2025-05-20T10:47:31.535Z"}
{"level":"info","message":"Server running on port 3000","timestamp":"2025-05-20T10:47:31.540Z"}
{"level":"info","message":"Connected to MongoDB","timestamp":"2025-05-20T10:47:32.190Z"}
{"level":"info","message":"Mounting routes...","timestamp":"2025-05-20T10:47:48.610Z"}
{"level":"info","message":"Mounting /api/v1/pricing","timestamp":"2025-05-20T10:47:48.614Z"}
{"level":"info","message":"Mounting /api/v1/comparison","timestamp":"2025-05-20T10:47:48.615Z"}
{"level":"info","message":"Mounting /api/v1/compare","timestamp":"2025-05-20T10:47:48.615Z"}
{"level":"info","message":"Mounting /api/v1/providers","timestamp":"2025-05-20T10:47:48.616Z"}
{"level":"info","message":"Mounting /api/v1/instances","timestamp":"2025-05-20T10:47:48.616Z"}
{"level":"info","message":"Server running on port 3000","timestamp":"2025-05-20T10:47:48.623Z"}
{"level":"info","message":"Connected to MongoDB","timestamp":"2025-05-20T10:47:49.280Z"}
{"level":"info","message":"Mounting routes...","timestamp":"2025-05-20T10:48:07.630Z"}
{"level":"info","message":"Mounting /api/v1/pricing","timestamp":"2025-05-20T10:48:07.633Z"}
{"level":"info","message":"Mounting /api/v1/comparison","timestamp":"2025-05-20T10:48:07.634Z"}
{"level":"info","message":"Mounting /api/v1/compare","timestamp":"2025-05-20T10:48:07.634Z"}
{"level":"info","message":"Mounting /api/v1/providers","timestamp":"2025-05-20T10:48:07.634Z"}
{"level":"info","message":"Mounting /api/v1/instances","timestamp":"2025-05-20T10:48:07.635Z"}
{"level":"info","message":"Server running on port 3000","timestamp":"2025-05-20T10:48:07.640Z"}
{"level":"info","message":"Connected to MongoDB","timestamp":"2025-05-20T10:48:08.294Z"}
{"level":"info","message":"Mounting routes...","timestamp":"2025-05-20T10:48:25.578Z"}
{"level":"info","message":"Mounting /api/v1/pricing","timestamp":"2025-05-20T10:48:25.582Z"}
{"level":"info","message":"Mounting /api/v1/comparison","timestamp":"2025-05-20T10:48:25.582Z"}
{"level":"info","message":"Mounting /api/v1/compare","timestamp":"2025-05-20T10:48:25.583Z"}
{"level":"info","message":"Mounting /api/v1/providers","timestamp":"2025-05-20T10:48:25.583Z"}
{"level":"info","message":"Mounting /api/v1/instances","timestamp":"2025-05-20T10:48:25.583Z"}
{"level":"info","message":"Server running on port 3000","timestamp":"2025-05-20T10:48:25.588Z"}
{"level":"info","message":"Connected to MongoDB","timestamp":"2025-05-20T10:48:26.189Z"}
{"level":"info","message":"Received request: GET /api/v1/compare?providers=aws%2Cazure%2Cgcp&minCpu=1&maxCpu=16&minMemory=1&maxMemory=64&gpu=false&sortBy=pricing.onDemand&sortOrder=asc&page=1&searchTerm=","timestamp":"2025-05-20T10:49:02.148Z"}
{"level":"info","message":"Mounting routes...","timestamp":"2025-05-20T10:50:16.929Z"}
{"level":"info","message":"Mounting /api/v1/pricing","timestamp":"2025-05-20T10:50:16.932Z"}
{"level":"info","message":"Mounting /api/v1/comparison","timestamp":"2025-05-20T10:50:16.933Z"}
{"level":"info","message":"Mounting /api/v1/compare","timestamp":"2025-05-20T10:50:16.934Z"}
{"level":"info","message":"Mounting /api/v1/providers","timestamp":"2025-05-20T10:50:16.934Z"}
{"level":"info","message":"Mounting /api/v1/instances","timestamp":"2025-05-20T10:50:16.935Z"}
{"level":"info","message":"Server running on port 3000","timestamp":"2025-05-20T10:50:16.941Z"}
{"level":"info","message":"Connected to MongoDB","timestamp":"2025-05-20T10:50:17.769Z"}
{"level":"info","message":"Received request: GET /api/v1/compare?providers=aws%2Cazure%2Cgcp&minCpu=1&maxCpu=16&minMemory=1&maxMemory=64&gpu=false&sortBy=pricing.onDemand&sortOrder=asc&page=1&searchTerm=","timestamp":"2025-05-20T10:50:24.157Z"}
{"level":"info","message":"Mounting routes...","timestamp":"2025-05-20T10:55:05.005Z"}
{"level":"info","message":"Mounting /api/v1/pricing","timestamp":"2025-05-20T10:55:05.009Z"}
{"level":"info","message":"Mounting /api/v1/comparison","timestamp":"2025-05-20T10:55:05.009Z"}
{"level":"info","message":"Mounting /api/v1/compare","timestamp":"2025-05-20T10:55:05.010Z"}
{"level":"info","message":"Mounting /api/v1/providers","timestamp":"2025-05-20T10:55:05.010Z"}
{"level":"info","message":"Mounting /api/v1/instances","timestamp":"2025-05-20T10:55:05.011Z"}
{"level":"info","message":"Server running on port 3000","timestamp":"2025-05-20T10:55:05.017Z"}
{"level":"info","message":"Connected to MongoDB","timestamp":"2025-05-20T10:55:05.695Z"}
{"level":"info","message":"Received request: GET /api/v1/compare?providers=aws%2Cazure%2Cgcp&minCpu=1&maxCpu=16&minMemory=1&maxMemory=64&gpu=false&sortBy=pricing.onDemand&sortOrder=asc&page=1&searchTerm=","timestamp":"2025-05-20T10:55:31.384Z"}
{"level":"info","message":"Mounting routes...","timestamp":"2025-05-20T10:56:06.939Z"}
{"level":"info","message":"Mounting /api/v1/pricing","timestamp":"2025-05-20T10:56:06.944Z"}
{"level":"info","message":"Mounting /api/v1/comparison","timestamp":"2025-05-20T10:56:06.945Z"}
{"level":"info","message":"Mounting /api/v1/compare","timestamp":"2025-05-20T10:56:06.946Z"}
{"level":"info","message":"Mounting /api/v1/providers","timestamp":"2025-05-20T10:56:06.946Z"}
{"level":"info","message":"Mounting /api/v1/instances","timestamp":"2025-05-20T10:56:06.946Z"}
{"level":"info","message":"Server running on port 3000","timestamp":"2025-05-20T10:56:06.951Z"}
{"level":"info","message":"Connected to MongoDB","timestamp":"2025-05-20T10:56:07.622Z"}
{"level":"info","message":"Mounting routes...","timestamp":"2025-05-20T10:56:15.739Z"}
{"level":"info","message":"Mounting /api/v1/pricing","timestamp":"2025-05-20T10:56:15.743Z"}
{"level":"info","message":"Mounting /api/v1/comparison","timestamp":"2025-05-20T10:56:15.744Z"}
{"level":"info","message":"Mounting /api/v1/compare","timestamp":"2025-05-20T10:56:15.744Z"}
{"level":"info","message":"Mounting /api/v1/providers","timestamp":"2025-05-20T10:56:15.746Z"}
{"level":"info","message":"Mounting /api/v1/instances","timestamp":"2025-05-20T10:56:15.746Z"}
{"level":"info","message":"Server running on port 3000","timestamp":"2025-05-20T10:56:15.752Z"}
{"level":"info","message":"Connected to MongoDB","timestamp":"2025-05-20T10:56:18.317Z"}
{"level":"info","message":"Mounting routes...","timestamp":"2025-05-20T10:56:32.189Z"}
{"level":"info","message":"Mounting /api/v1/pricing","timestamp":"2025-05-20T10:56:32.193Z"}
{"level":"info","message":"Mounting /api/v1/comparison","timestamp":"2025-05-20T10:56:32.194Z"}
{"level":"info","message":"Mounting /api/v1/compare","timestamp":"2025-05-20T10:56:32.195Z"}
{"level":"info","message":"Mounting /api/v1/providers","timestamp":"2025-05-20T10:56:32.195Z"}
{"level":"info","message":"Mounting /api/v1/instances","timestamp":"2025-05-20T10:56:32.195Z"}
{"level":"info","message":"Server running on port 3000","timestamp":"2025-05-20T10:56:32.199Z"}
{"level":"info","message":"Connected to MongoDB","timestamp":"2025-05-20T10:56:32.835Z"}
{"level":"info","message":"Received request: GET /api/v1/compare?providers=aws%2Cazure%2Cgcp&minCpu=1&maxCpu=16&minMemory=1&maxMemory=64&gpu=false&sortBy=pricing.onDemand&sortOrder=asc&page=1&searchTerm=","timestamp":"2025-05-20T10:56:37.275Z"}
{"level":"info","message":"Mounting routes...","timestamp":"2025-05-20T10:57:08.875Z"}
{"level":"info","message":"Mounting /api/v1/pricing","timestamp":"2025-05-20T10:57:08.877Z"}
{"level":"info","message":"Mounting /api/v1/comparison","timestamp":"2025-05-20T10:57:08.878Z"}
{"level":"info","message":"Mounting /api/v1/compare","timestamp":"2025-05-20T10:57:08.880Z"}
{"level":"info","message":"Mounting /api/v1/providers","timestamp":"2025-05-20T10:57:08.881Z"}
{"level":"info","message":"Mounting /api/v1/instances","timestamp":"2025-05-20T10:57:08.881Z"}
{"level":"info","message":"Server running on port 3000","timestamp":"2025-05-20T10:57:08.888Z"}
{"level":"info","message":"Connected to MongoDB","timestamp":"2025-05-20T10:57:09.592Z"}
{"level":"info","message":"Mounting routes...","timestamp":"2025-05-20T11:05:49.669Z"}
{"level":"info","message":"Mounting /api/v1/pricing","timestamp":"2025-05-20T11:05:49.677Z"}
{"level":"info","message":"Mounting /api/v1/comparison","timestamp":"2025-05-20T11:05:49.679Z"}
{"level":"info","message":"Mounting /api/v1/compare","timestamp":"2025-05-20T11:05:49.685Z"}
{"level":"info","message":"Mounting /api/v1/providers","timestamp":"2025-05-20T11:05:49.686Z"}
{"level":"info","message":"Mounting /api/v1/instances","timestamp":"2025-05-20T11:05:49.688Z"}
{"level":"info","message":"Server running on port 3000","timestamp":"2025-05-20T11:05:49.706Z"}
{"level":"info","message":"Connected to MongoDB","timestamp":"2025-05-20T11:05:50.508Z"}
{"level":"info","message":"Received request: GET /api/v1/compare?providers=aws%2Cazure%2Cgcp&minCpu=1&maxCpu=16&minMemory=1&maxMemory=64&gpu=false&sortBy=pricing.onDemand&sortOrder=asc&page=1&searchTerm=","timestamp":"2025-05-20T11:05:55.290Z"}
{"level":"info","message":"Mounting routes...","timestamp":"2025-05-20T11:06:37.546Z"}
{"level":"info","message":"Mounting /api/v1/pricing","timestamp":"2025-05-20T11:06:37.555Z"}
{"level":"info","message":"Mounting /api/v1/comparison","timestamp":"2025-05-20T11:06:37.557Z"}
{"level":"info","message":"Mounting /api/v1/compare","timestamp":"2025-05-20T11:06:37.558Z"}
{"level":"info","message":"Mounting /api/v1/providers","timestamp":"2025-05-20T11:06:37.559Z"}
{"level":"info","message":"Mounting /api/v1/instances","timestamp":"2025-05-20T11:06:37.561Z"}
{"level":"info","message":"Server running on port 3000","timestamp":"2025-05-20T11:06:37.581Z"}
{"level":"info","message":"Connected to MongoDB","timestamp":"2025-05-20T11:06:38.351Z"}
{"level":"info","message":"Mounting routes...","timestamp":"2025-05-20T11:23:01.540Z"}
{"level":"info","message":"Mounting /api/v1/pricing","timestamp":"2025-05-20T11:23:01.556Z"}
{"level":"info","message":"Mounting /api/v1/comparison","timestamp":"2025-05-20T11:23:01.557Z"}
{"level":"info","message":"Mounting /api/v1/compare","timestamp":"2025-05-20T11:23:01.558Z"}
{"level":"info","message":"Mounting /api/v1/providers","timestamp":"2025-05-20T11:23:01.558Z"}
{"level":"info","message":"Mounting /api/v1/instances","timestamp":"2025-05-20T11:23:01.559Z"}
{"level":"info","message":"Server running on port 3000","timestamp":"2025-05-20T11:23:01.566Z"}
{"level":"info","message":"Connected to MongoDB","timestamp":"2025-05-20T11:23:02.205Z"}
{"level":"info","message":"Received request: GET /api/v1/compare?providers=aws%2Cazure%2Cgcp&minCpu=1&maxCpu=16&minMemory=1&maxMemory=64&gpu=false&sortBy=pricing.onDemand&sortOrder=asc&page=1&searchTerm=","timestamp":"2025-05-20T11:23:24.775Z"}
{"level":"info","message":"Mounting routes...","timestamp":"2025-05-20T11:23:55.543Z"}
{"level":"info","message":"Mounting /api/v1/pricing","timestamp":"2025-05-20T11:23:55.545Z"}
{"level":"info","message":"Mounting /api/v1/comparison","timestamp":"2025-05-20T11:23:55.546Z"}
{"level":"info","message":"Mounting /api/v1/compare","timestamp":"2025-05-20T11:23:55.547Z"}
{"level":"info","message":"Mounting /api/v1/providers","timestamp":"2025-05-20T11:23:55.547Z"}
{"level":"info","message":"Mounting /api/v1/instances","timestamp":"2025-05-20T11:23:55.547Z"}
{"level":"info","message":"Server running on port 3000","timestamp":"2025-05-20T11:23:55.555Z"}
{"level":"info","message":"Connected to MongoDB","timestamp":"2025-05-20T11:23:56.123Z"}
{"level":"info","message":"Received request: GET /api/v1/compare?providers=aws%2Cazure%2Cgcp&minCpu=1&maxCpu=16&minMemory=1&maxMemory=64&gpu=false&sortBy=pricing.onDemand&sortOrder=asc&page=1&searchTerm=","timestamp":"2025-05-20T11:24:00.609Z"}
{"level":"info","message":"Mounting routes...","timestamp":"2025-05-20T11:25:55.619Z"}
{"level":"info","message":"Mounting /api/v1/pricing","timestamp":"2025-05-20T11:25:55.625Z"}
{"level":"info","message":"Mounting /api/v1/comparison","timestamp":"2025-05-20T11:25:55.628Z"}
{"level":"info","message":"Mounting /api/v1/compare","timestamp":"2025-05-20T11:25:55.628Z"}
{"level":"info","message":"Mounting /api/v1/providers","timestamp":"2025-05-20T11:25:55.629Z"}
{"level":"info","message":"Mounting /api/v1/instances","timestamp":"2025-05-20T11:25:55.630Z"}
{"level":"info","message":"Server running on port 3000","timestamp":"2025-05-20T11:25:55.640Z"}
{"level":"info","message":"Connected to MongoDB","timestamp":"2025-05-20T11:25:56.262Z"}
{"level":"info","message":"Received request: GET /api/v1/compare?providers=aws%2Cazure%2Cgcp&minCpu=1&maxCpu=16&minMemory=1&maxMemory=64&gpu=false&sortBy=pricing.onDemand&sortOrder=asc&page=1&searchTerm=","timestamp":"2025-05-20T11:25:59.725Z"}
{"level":"info","message":"Mounting routes...","timestamp":"2025-05-20T11:28:32.956Z"}
{"level":"info","message":"Mounting /api/v1/pricing","timestamp":"2025-05-20T11:28:32.958Z"}
{"level":"info","message":"Mounting /api/v1/comparison","timestamp":"2025-05-20T11:28:32.959Z"}
{"level":"info","message":"Mounting /api/v1/compare","timestamp":"2025-05-20T11:28:32.961Z"}
{"level":"info","message":"Mounting /api/v1/providers","timestamp":"2025-05-20T11:28:32.961Z"}
{"level":"info","message":"Mounting /api/v1/instances","timestamp":"2025-05-20T11:28:32.961Z"}
{"level":"info","message":"Server running on port 3000","timestamp":"2025-05-20T11:28:32.966Z"}
{"level":"info","message":"Connected to MongoDB","timestamp":"2025-05-20T11:28:33.583Z"}
{"level":"info","message":"Received request: GET /api/v1/compare?providers=aws%2Cazure%2Cgcp&minCpu=1&maxCpu=16&minMemory=1&maxMemory=64&gpu=false&sortBy=pricing.onDemand&sortOrder=asc&page=1&searchTerm=","timestamp":"2025-05-20T11:28:39.324Z"}
{"level":"info","message":"Mounting routes...","timestamp":"2025-05-20T11:30:35.671Z"}
{"level":"info","message":"Mounting /api/v1/pricing","timestamp":"2025-05-20T11:30:35.675Z"}
{"level":"info","message":"Mounting /api/v1/comparison","timestamp":"2025-05-20T11:30:35.675Z"}
{"level":"info","message":"Mounting /api/v1/compare","timestamp":"2025-05-20T11:30:35.676Z"}
{"level":"info","message":"Mounting /api/v1/providers","timestamp":"2025-05-20T11:30:35.676Z"}
{"level":"info","message":"Mounting /api/v1/instances","timestamp":"2025-05-20T11:30:35.676Z"}
{"level":"info","message":"Server running on port 3000","timestamp":"2025-05-20T11:30:35.681Z"}
{"level":"info","message":"Connected to MongoDB","timestamp":"2025-05-20T11:30:36.293Z"}
{"level":"info","message":"Received request: GET /api/v1/compare?providers=aws%2Cazure%2Cgcp&minCpu=1&maxCpu=16&minMemory=1&maxMemory=64&gpu=false&sortBy=pricing.onDemand&sortOrder=asc&page=1&searchTerm=","timestamp":"2025-05-20T11:31:12.216Z"}
{"level":"info","message":"Mounting routes...","timestamp":"2025-05-20T11:31:56.600Z"}
{"level":"info","message":"Mounting /api/v1/pricing","timestamp":"2025-05-20T11:31:56.603Z"}
{"level":"info","message":"Mounting /api/v1/comparison","timestamp":"2025-05-20T11:31:56.603Z"}
{"level":"info","message":"Mounting /api/v1/compare","timestamp":"2025-05-20T11:31:56.604Z"}
{"level":"info","message":"Mounting /api/v1/providers","timestamp":"2025-05-20T11:31:56.604Z"}
{"level":"info","message":"Mounting /api/v1/instances","timestamp":"2025-05-20T11:31:56.604Z"}
{"level":"info","message":"Server running on port 3000","timestamp":"2025-05-20T11:31:56.608Z"}
{"level":"info","message":"Connected to MongoDB","timestamp":"2025-05-20T11:31:57.333Z"}
{"level":"info","message":"Received request: GET /api/v1/compare?providers=aws%2Cazure%2Cgcp&minCpu=1&maxCpu=16&minMemory=1&maxMemory=64&gpu=false&sortBy=pricing.onDemand&sortOrder=asc&page=1&searchTerm=","timestamp":"2025-05-20T11:32:00.998Z"}
{"level":"info","message":"Mounting routes...","timestamp":"2025-05-20T11:33:53.134Z"}
{"level":"info","message":"Mounting /api/v1/pricing","timestamp":"2025-05-20T11:33:53.137Z"}
{"level":"info","message":"Mounting /api/v1/comparison","timestamp":"2025-05-20T11:33:53.137Z"}
{"level":"info","message":"Mounting /api/v1/compare","timestamp":"2025-05-20T11:33:53.138Z"}
{"level":"info","message":"Mounting /api/v1/providers","timestamp":"2025-05-20T11:33:53.138Z"}
{"level":"info","message":"Mounting /api/v1/instances","timestamp":"2025-05-20T11:33:53.138Z"}
{"level":"info","message":"Server running on port 3000","timestamp":"2025-05-20T11:33:53.144Z"}
{"level":"info","message":"Connected to MongoDB","timestamp":"2025-05-20T11:33:53.953Z"}
{"level":"info","message":"Mounting routes...","timestamp":"2025-05-20T11:35:20.313Z"}
{"level":"info","message":"Mounting /api/v1/pricing","timestamp":"2025-05-20T11:35:20.321Z"}
{"level":"info","message":"Mounting /api/v1/comparison","timestamp":"2025-05-20T11:35:20.322Z"}
{"level":"info","message":"Mounting /api/v1/compare","timestamp":"2025-05-20T11:35:20.322Z"}
{"level":"info","message":"Mounting /api/v1/providers","timestamp":"2025-05-20T11:35:20.323Z"}
{"level":"info","message":"Mounting /api/v1/instances","timestamp":"2025-05-20T11:35:20.323Z"}
{"level":"info","message":"Server running on port 3000","timestamp":"2025-05-20T11:35:20.327Z"}
{"level":"info","message":"Connected to MongoDB","timestamp":"2025-05-20T11:35:20.974Z"}
{"level":"info","message":"Mounting routes...","timestamp":"2025-05-20T11:35:35.303Z"}
{"level":"info","message":"Mounting /api/v1/pricing","timestamp":"2025-05-20T11:35:35.307Z"}
{"level":"info","message":"Mounting /api/v1/comparison","timestamp":"2025-05-20T11:35:35.308Z"}
{"level":"info","message":"Mounting /api/v1/compare","timestamp":"2025-05-20T11:35:35.308Z"}
{"level":"info","message":"Mounting /api/v1/providers","timestamp":"2025-05-20T11:35:35.309Z"}
{"level":"info","message":"Mounting /api/v1/instances","timestamp":"2025-05-20T11:35:35.309Z"}
{"level":"info","message":"Server running on port 3000","timestamp":"2025-05-20T11:35:35.314Z"}
{"level":"info","message":"Connected to MongoDB","timestamp":"2025-05-20T11:35:35.991Z"}
{"level":"info","message":"Received request: GET /api/v1/compare?providers=aws%2Cazure%2Cgcp&minCpu=1&maxCpu=16&minMemory=1&maxMemory=64&gpu=false&sortBy=pricing.onDemand&sortOrder=asc&page=1&searchTerm=","timestamp":"2025-05-20T11:35:40.318Z"}
{"level":"info","message":"Received request: GET /api/v1/compare?providers=aws%2Cazure%2Cgcp&minCpu=1&maxCpu=16&minMemory=1&maxMemory=64&gpu=false&sortBy=pricing.onDemand&sortOrder=asc&page=1&searchTerm=","timestamp":"2025-05-20T16:47:33.265Z"}
{"level":"info","message":"Received request: GET /api/v1/compare?providers=aws%2Cazure%2Cgcp&minCpu=1&maxCpu=16&minMemory=1&maxMemory=64&gpu=false&sortBy=pricing.onDemand&sortOrder=asc&page=1&searchTerm=","timestamp":"2025-05-20T17:08:46.790Z"}
{"level":"info","message":"Received request: GET /api/v1/compare?providers=aws%2Cazure%2Cgcp&minCpu=1&maxCpu=16&minMemory=1&maxMemory=64&gpu=false&sortBy=pricing.onDemand&sortOrder=asc&page=1&searchTerm=","timestamp":"2025-05-20T17:08:48.043Z"}
{"level":"info","message":"Received request: GET /api/v1/compare?minCpu=1&maxCpu=16&minMemory=1&maxMemory=64","timestamp":"2025-05-20T17:11:26.578Z"}
{"level":"info","message":"Received request: GET /api/v1/compare?minCpu=1&maxCpu=16&minMemory=1&maxMemory=64","timestamp":"2025-05-20T17:11:27.589Z"}
{"level":"info","message":"Received request: GET /api/v1/compare?providers=aws%2Cazure%2Cgcp&minCpu=1&maxCpu=16&minMemory=1&maxMemory=64&gpu=false&sortBy=pricing.onDemand&sortOrder=asc&page=1&searchTerm=","timestamp":"2025-05-20T17:11:32.727Z"}
{"level":"info","message":"Received request: GET /api/v1/compare?providers=aws%2Cazure%2Cgcp&minCpu=1&maxCpu=16&minMemory=1&maxMemory=64&gpu=false&sortBy=pricing.onDemand&sortOrder=asc&page=1&searchTerm=","timestamp":"2025-05-20T17:11:33.749Z"}
{"level":"info","message":"Mounting routes...","timestamp":"2025-05-20T17:12:35.136Z"}
{"level":"info","message":"Mounting /api/v1/pricing","timestamp":"2025-05-20T17:12:35.142Z"}
{"level":"info","message":"Mounting /api/v1/comparison","timestamp":"2025-05-20T17:12:35.143Z"}
{"level":"info","message":"Mounting /api/v1/compare","timestamp":"2025-05-20T17:12:35.144Z"}
{"level":"info","message":"Mounting /api/v1/providers","timestamp":"2025-05-20T17:12:35.144Z"}
{"level":"info","message":"Mounting /api/v1/instances","timestamp":"2025-05-20T17:12:35.144Z"}
{"level":"info","message":"Server running on port 3000","timestamp":"2025-05-20T17:12:35.151Z"}
{"level":"info","message":"Connected to MongoDB","timestamp":"2025-05-20T17:12:35.865Z"}
{"level":"info","message":"Mounting routes...","timestamp":"2025-05-20T17:15:35.076Z"}
{"level":"info","message":"Mounting /api/v1/pricing","timestamp":"2025-05-20T17:15:35.081Z"}
{"level":"info","message":"Mounting /api/v1/comparison","timestamp":"2025-05-20T17:15:35.082Z"}
{"level":"info","message":"Mounting /api/v1/compare","timestamp":"2025-05-20T17:15:35.082Z"}
{"level":"info","message":"Mounting /api/v1/providers","timestamp":"2025-05-20T17:15:35.082Z"}
{"level":"info","message":"Mounting /api/v1/instances","timestamp":"2025-05-20T17:15:35.083Z"}
{"level":"info","message":"Server running on port 3000","timestamp":"2025-05-20T17:15:35.089Z"}
{"level":"info","message":"Connected to MongoDB","timestamp":"2025-05-20T17:15:35.852Z"}
{"level":"info","message":"Received request: GET /api/v1/compare?providers=aws%2Cazure%2Cgcp&minCpu=1&maxCpu=16&minMemory=1&maxMemory=64&gpu=false&sortBy=pricing.onDemand&sortOrder=asc&page=1&searchTerm=","timestamp":"2025-05-20T17:17:12.798Z"}
{"level":"info","message":"Received request: GET /api/v1/compare?providers=aws%2Cazure%2Cgcp&minCpu=1&maxCpu=16&minMemory=1&maxMemory=64&gpu=false&sortBy=pricing.onDemand&sortOrder=asc&page=2&searchTerm=","timestamp":"2025-05-20T17:17:29.195Z"}
{"level":"info","message":"Received request: GET /api/v1/compare?providers=aws&minCpu=1&maxCpu=16&minMemory=1&maxMemory=64&gpu=false&sortBy=pricing.onDemand&sortOrder=asc&page=1&searchTerm=","timestamp":"2025-05-20T17:17:36.327Z"}
{"level":"info","message":"Received request: GET /api/v1/compare?providers=aws&minCpu=1&maxCpu=16&minMemory=1&maxMemory=64&gpu=false&sortBy=pricing.onDemand&sortOrder=asc&page=2&searchTerm=","timestamp":"2025-05-20T17:19:10.032Z"}
{"level":"info","message":"Received request: GET /api/v1/compare?providers=aws&minCpu=1&maxCpu=16&minMemory=1&maxMemory=64&gpu=false&sortBy=pricing.onDemand&sortOrder=asc&page=2&searchTerm=&region=us-east-1","timestamp":"2025-05-20T17:19:17.463Z"}
{"level":"info","message":"Received request: GET /api/v1/compare?providers=aws&minCpu=1&maxCpu=16&minMemory=1&maxMemory=64&gpu=false&sortBy=pricing.onDemand&sortOrder=asc&page=2&searchTerm=","timestamp":"2025-05-20T17:19:30.849Z"}
{"level":"info","message":"Received request: GET /api/v1/compare?providers=gcp&minCpu=1&maxCpu=16&minMemory=1&maxMemory=64&gpu=false&sortBy=pricing.onDemand&sortOrder=asc&page=1&searchTerm=","timestamp":"2025-05-20T17:19:39.370Z"}
{"level":"info","message":"Received request: GET /api/v1/compare?providers=gcp&minCpu=1&maxCpu=16&minMemory=1&maxMemory=64&gpu=false&sortBy=pricing.onDemand&sortOrder=asc&page=2&searchTerm=","timestamp":"2025-05-20T17:19:56.637Z"}
{"level":"info","message":"Mounting routes...","timestamp":"2025-05-20T17:21:58.700Z"}
{"level":"info","message":"Mounting /api/v1/pricing","timestamp":"2025-05-20T17:21:58.703Z"}
{"level":"info","message":"Mounting /api/v1/comparison","timestamp":"2025-05-20T17:21:58.704Z"}
{"level":"info","message":"Mounting /api/v1/compare","timestamp":"2025-05-20T17:21:58.705Z"}
{"level":"info","message":"Mounting /api/v1/providers","timestamp":"2025-05-20T17:21:58.705Z"}
{"level":"info","message":"Mounting /api/v1/instances","timestamp":"2025-05-20T17:21:58.705Z"}
{"level":"info","message":"Server running on port 3000","timestamp":"2025-05-20T17:21:58.712Z"}
{"level":"info","message":"Connected to MongoDB","timestamp":"2025-05-20T17:21:59.320Z"}
{"level":"info","message":"Received request: GET /api/v1/compare?providers=aws%2Cazure%2Cgcp&minCpu=1&maxCpu=16&minMemory=1&maxMemory=64&gpu=false&sortBy=pricing.onDemand&sortOrder=asc&page=1&searchTerm=","timestamp":"2025-05-20T17:22:10.757Z"}
{"level":"info","message":"Mounting routes...","timestamp":"2025-05-20T17:29:25.615Z"}
{"level":"info","message":"Mounting /api/v1/pricing","timestamp":"2025-05-20T17:29:25.618Z"}
{"level":"info","message":"Mounting /api/v1/comparison","timestamp":"2025-05-20T17:29:25.618Z"}
{"level":"info","message":"Mounting /api/v1/compare","timestamp":"2025-05-20T17:29:25.619Z"}
{"level":"info","message":"Mounting /api/v1/providers","timestamp":"2025-05-20T17:29:25.619Z"}
{"level":"info","message":"Mounting /api/v1/instances","timestamp":"2025-05-20T17:29:25.620Z"}
{"level":"info","message":"Server running on port 3000","timestamp":"2025-05-20T17:29:25.626Z"}
{"level":"info","message":"Connected to MongoDB","timestamp":"2025-05-20T17:29:26.280Z"}
{"level":"info","message":"Received request: GET /api/v1/compare?providers=aws%2Cazure%2Cgcp&minCpu=1&maxCpu=16&minMemory=1&maxMemory=64&gpu=false&sortBy=pricing.onDemand&sortOrder=asc&page=1&searchTerm=","timestamp":"2025-05-20T17:29:37.470Z"}
{"level":"info","message":"Received request: GET /api/v1/compare?providers=gcp&minCpu=1&maxCpu=16&minMemory=1&maxMemory=64&gpu=false&sortBy=pricing.onDemand&sortOrder=asc&page=1&searchTerm=","timestamp":"2025-05-20T17:29:43.824Z"}
{"level":"info","message":"Received request: GET /api/v1/compare?providers=azure&minCpu=1&maxCpu=16&minMemory=1&maxMemory=64&gpu=false&sortBy=pricing.onDemand&sortOrder=asc&page=1&searchTerm=","timestamp":"2025-05-20T17:29:46.345Z"}
{"level":"info","message":"Received request: GET /api/v1/compare?providers=aws&minCpu=1&maxCpu=16&minMemory=1&maxMemory=64&gpu=false&sortBy=pricing.onDemand&sortOrder=asc&page=1&searchTerm=","timestamp":"2025-05-20T17:29:52.997Z"}
{"level":"info","message":"Received request: GET /api/v1/compare?providers=&minCpu=1&maxCpu=16&minMemory=1&maxMemory=64&gpu=false&sortBy=pricing.onDemand&sortOrder=asc&page=1&searchTerm=","timestamp":"2025-05-20T17:30:00.920Z"}
{"level":"info","message":"Received request: GET /api/v1/compare?providers=azure&minCpu=1&maxCpu=16&minMemory=1&maxMemory=64&gpu=false&sortBy=pricing.onDemand&sortOrder=asc&page=1&searchTerm=","timestamp":"2025-05-20T17:30:05.241Z"}
{"level":"info","message":"Received request: GET /api/v1/compare?providers=azure&minCpu=1&maxCpu=16&minMemory=1&maxMemory=64&gpu=false&sortBy=pricing.onDemand&sortOrder=asc&page=1&searchTerm=","timestamp":"2025-05-20T17:30:08.467Z"}
